"../../../../../../Users/Pavel/Documents/Unreal Projects/ShooterGame/Content/Characters/HeroTPP/HeroTPP_Physics.uasset" 0
"../../../../../../Users/Pavel/Documents/Unreal Projects/ShooterGame/Content/Characters/Textures/Chr_FPS_Metal_02.uasset" 1
"../../../../../../Users/Pavel/Documents/Unreal Projects/ShooterGame/Content/Characters/Materials/ML_Metal_light.uasset" 2
"../../../../../../Users/Pavel/Documents/Unreal Projects/ShooterGame/Content/Characters/Textures/Tiles/T_Sctraches_01.uasset" 3
"../../../../../../Users/Pavel/Documents/Unreal Projects/ShooterGame/Content/Characters/Materials/ML_Glass.uasset" 4
"../../../../../../Users/Pavel/Documents/Unreal Projects/ShooterGame/Content/Characters/Textures/Chr_FPS_M.uasset" 5
"../../../../../../Users/Pavel/Documents/Unreal Projects/ShooterGame/Content/Characters/Textures/Chr_FPS_02_M.uasset" 6
"../../../../../../Users/Pavel/Documents/Unreal Projects/ShooterGame/Content/Characters/Materials/ML_Emissive_Custom.uasset" 7
"../../../../../../Users/Pavel/Documents/Unreal Projects/ShooterGame/Content/Environment/Textures/T_Vista_Grass_N.uasset" 8
"../../../../../../Users/Pavel/Documents/Unreal Projects/ShooterGame/Content/Characters/Textures/Chr_FPS_D.uasset" 9
"../../../../../../Users/Pavel/Documents/Unreal Projects/ShooterGame/Content/Characters/Materials/ML_Base.uasset" 10
"../../../Engine/Content/Functions/MaterialLayerFunctions/MatLayerBlend_TintAllChannels.uasset" 11
"../../../Engine/Content/Functions/MaterialLayerFunctions/MatLayerBlend_Standard.uasset" 12
"../../../Engine/Content/Functions/Engine_MaterialFunctions02/Utility/BlendAngleCorrectedNormals.uasset" 13
"../../../Engine/Content/Functions/MaterialLayerFunctions/MatLayerBlend_BakedNormal.uasset" 14
"../../../Engine/Content/Functions/Engine_MaterialFunctions01/Texturing/FlattenNormal.uasset" 15
"../../../../../../Users/Pavel/Documents/Unreal Projects/ShooterGame/Content/Environment/PhysicalMaterials/M_BodyDamage.uasset" 16
"../../../../../../Users/Pavel/Documents/Unreal Projects/ShooterGame/Content/Characters/Textures/Chr_FPS_N.uasset" 17
"../../../../../../Users/Pavel/Documents/Unreal Projects/ShooterGame/Content/Characters/Textures/Chr_FPS_Metal_01.uasset" 18
"../../../../../../Users/Pavel/Documents/Unreal Projects/ShooterGame/Content/Characters/Textures/Chr_FPS_M_03tga.uasset" 19
"../../../../../../Users/Pavel/Documents/Unreal Projects/ShooterGame/Content/Characters/Textures/Chr_FPS_Fabric_N_01.uasset" 20
"../../../../../../Users/Pavel/Documents/Unreal Projects/ShooterGame/Content/Characters/Materials/ML_Rubber_light.uasset" 21
"../../../../../../Users/Pavel/Documents/Unreal Projects/ShooterGame/Content/Characters/Materials/ML_Rubber_dark.uasset" 22
"../../../../../../Users/Pavel/Documents/Unreal Projects/ShooterGame/Content/Characters/Materials/ML_Metal_Painted.uasset" 23
"../../../../../../Users/Pavel/Documents/Unreal Projects/ShooterGame/Content/Characters/Materials/HeroTPP.uasset" 24
"../../../Engine/Content/EngineMeshes/Humanoid.uasset" 25
"../../../../../../Users/Pavel/Documents/Unreal Projects/ShooterGame/Content/Characters/HeroTPP/HeroTPP_Skeleton.uasset" 26
"../../../../../../Users/Pavel/Documents/Unreal Projects/ShooterGame/Content/Characters/HeroTPP/HeroTPP.uasset" 27
"../../../../../../Users/Pavel/Documents/Unreal Projects/ShooterGame/Content/Characters/HeroFPP/HeroFPP_Skeleton.uasset" 28
"../../../../../../Users/Pavel/Documents/Unreal Projects/ShooterGame/Content/Characters/HeroFPP/HeroFPP.uasset" 29
"../../../../../../Users/Pavel/Documents/Unreal Projects/ShooterGame/Content/Weapons/Rifle_Skeleton.uasset" 30
"../../../../../../Users/Pavel/Documents/Unreal Projects/ShooterGame/Content/Weapons/Textures/SightLens_maskB.uasset" 31
"../../../../../../Users/Pavel/Documents/Unreal Projects/ShooterGame/Content/Weapons/Textures/SightLens_maskA.uasset" 32
"../../../../../../Users/Pavel/Documents/Unreal Projects/ShooterGame/Content/Environment/Textures/holo_layer_1_5.uasset" 33
"../../../../../../Users/Pavel/Documents/Unreal Projects/ShooterGame/Content/Weapons/Materials/MagGun_SightLens_Mat.uasset" 34
"../../../../../../Users/Pavel/Documents/Unreal Projects/ShooterGame/Content/Weapons/Materials/MagGun_SightLens_Mat_Inst.uasset" 35
"../../../Engine/Content/Functions/MaterialLayerFunctions/MatLayerBlend_Decal.uasset" 36
"../../../Engine/Content/Functions/MaterialLayerFunctions/MatLayerBlend_RoughnessOverride.uasset" 37
"../../../Engine/Content/Functions/MaterialLayerFunctions/MatLayerBlend_Emissive.uasset" 38
"../../../../../../Users/Pavel/Documents/Unreal Projects/ShooterGame/Content/Weapons/MaterialLayers/T_Rubber.uasset" 39
"../../../../../../Users/Pavel/Documents/Unreal Projects/ShooterGame/Content/Weapons/MaterialLayers/ML_Rubber.uasset" 40
"../../../../../../Users/Pavel/Documents/Unreal Projects/ShooterGame/Content/Weapons/MaterialLayers/T_PaintedMetal02.uasset" 41
"../../../../../../Users/Pavel/Documents/Unreal Projects/ShooterGame/Content/Weapons/MaterialLayers/T_PaintedMetal01_N.uasset" 42
"../../../../../../Users/Pavel/Documents/Unreal Projects/ShooterGame/Content/Weapons/MaterialLayers/ML_Paint.uasset" 43
"../../../../../../Users/Pavel/Documents/Unreal Projects/ShooterGame/Content/Weapons/MaterialLayers/T_Metal_Metal02_D.uasset" 44
"../../../../../../Users/Pavel/Documents/Unreal Projects/ShooterGame/Content/Weapons/MaterialLayers/ML_Metal_Gray.uasset" 45
"../../../../../../Users/Pavel/Documents/Unreal Projects/ShooterGame/Content/Weapons/MaterialLayers/T_ExampleLayers_Metal02_N.uasset" 46
"../../../../../../Users/Pavel/Documents/Unreal Projects/ShooterGame/Content/Weapons/MaterialLayers/ML_Metal_Copper.uasset" 47
"../../../../../../Users/Pavel/Documents/Unreal Projects/ShooterGame/Content/Weapons/MaterialLayers/ML_BoltMetal.uasset" 48
"../../../../../../Users/Pavel/Documents/Unreal Projects/ShooterGame/Content/Weapons/Textures/MagGunT2_shade.uasset" 49
"../../../../../../Users/Pavel/Documents/Unreal Projects/ShooterGame/Content/Weapons/Textures/MagGunT2_section.uasset" 50
"../../../../../../Users/Pavel/Documents/Unreal Projects/ShooterGame/Content/Weapons/Textures/MagGun_Display_EM.uasset" 51
"../../../../../../Users/Pavel/Documents/Unreal Projects/ShooterGame/Content/Weapons/Textures/MagGun_02_N.uasset" 52
"../../../../../../Users/Pavel/Documents/Unreal Projects/ShooterGame/Content/Weapons/Textures/MagGun_Decals.uasset" 53
"../../../../../../Users/Pavel/Documents/Unreal Projects/ShooterGame/Content/Weapons/Materials/MagGun_MatB.uasset" 54
"../../../../../../Users/Pavel/Documents/Unreal Projects/ShooterGame/Content/Weapons/Materials/MagGun_MatB_Inst2.uasset" 55
"../../../../../../Users/Pavel/Documents/Unreal Projects/ShooterGame/Content/Weapons/Textures/MagGunT1_shade.uasset" 56
"../../../../../../Users/Pavel/Documents/Unreal Projects/ShooterGame/Content/Weapons/Textures/MagGunT1_section.uasset" 57
"../../../../../../Users/Pavel/Documents/Unreal Projects/ShooterGame/Content/Weapons/Textures/MagGun_01_N.uasset" 58
"../../../../../../Users/Pavel/Documents/Unreal Projects/ShooterGame/Content/Weapons/Materials/MagGun_MatA.uasset" 59
"../../../../../../Users/Pavel/Documents/Unreal Projects/ShooterGame/Content/Weapons/Materials/MagGun_MatA_Inst3.uasset" 60
"../../../../../../Users/Pavel/Documents/Unreal Projects/ShooterGame/Content/Weapons/Rifle.uasset" 61
"../../../../../../Users/Pavel/Documents/Unreal Projects/ShooterGame/Content/Sounds/Audio_Settings/Class/SC_WeaponShoot_1P.uasset" 62
"../../../../../../Users/Pavel/Documents/Unreal Projects/ShooterGame/Content/Sounds/Audio_Settings/Class/SC_Footsteps.uasset" 63
"../../../../../../Users/Pavel/Documents/Unreal Projects/ShooterGame/Content/Sounds/Audio_Settings/Class/SC_Foley.uasset" 64
"../../../../../../Users/Pavel/Documents/Unreal Projects/ShooterGame/Content/Sounds/Audio_Settings/Class/SC_Characters.uasset" 65
"../../../../../../Users/Pavel/Documents/Unreal Projects/ShooterGame/Content/Sounds/Audio_Settings/Class/SC_Ambient_OneShot.uasset" 66
"../../../../../../Users/Pavel/Documents/Unreal Projects/ShooterGame/Content/Sounds/Audio_Settings/Class/SC_Ambient_Bed.uasset" 67
"../../../../../../Users/Pavel/Documents/Unreal Projects/ShooterGame/Content/Sounds/Audio_Settings/Class/SC_Ambient_Loop.uasset" 68
"../../../../../../Users/Pavel/Documents/Unreal Projects/ShooterGame/Content/Sounds/Audio_Settings/Class/SC_Ambience.uasset" 69
"../../../../../../Users/Pavel/Documents/Unreal Projects/ShooterGame/Content/Sounds/Audio_Settings/SoundMix/SMix_Stinger.uasset" 70
"../../../../../../Users/Pavel/Documents/Unreal Projects/ShooterGame/Content/Sounds/Audio_Settings/Class/SC_Stinger.uasset" 71
"../../../../../../Users/Pavel/Documents/Unreal Projects/ShooterGame/Content/Sounds/Audio_Settings/Class/SC_Projectile.uasset" 72
"../../../../../../Users/Pavel/Documents/Unreal Projects/ShooterGame/Content/Sounds/Audio_Settings/Class/SC_Pickups.uasset" 73
"../../../../../../Users/Pavel/Documents/Unreal Projects/ShooterGame/Content/Sounds/Audio_Settings/Class/SC_voip.uasset" 74
"../../../../../../Users/Pavel/Documents/Unreal Projects/ShooterGame/Content/Sounds/Audio_Settings/Class/SC_VOICE.uasset" 75
"../../../../../../Users/Pavel/Documents/Unreal Projects/ShooterGame/Content/Sounds/Audio_Settings/Class/SC_UI.uasset" 76
"../../../../../../Users/Pavel/Documents/Unreal Projects/ShooterGame/Content/Sounds/Audio_Settings/Class/SC_MUSIC.uasset" 77
"../../../../../../Users/Pavel/Documents/Unreal Projects/ShooterGame/Content/Sounds/Audio_Settings/Class/SC_MASTER.uasset" 78
"../../../../../../Users/Pavel/Documents/Unreal Projects/ShooterGame/Content/Sounds/Audio_Settings/Class/SC_Impacts.uasset" 79
"../../../../../../Users/Pavel/Documents/Unreal Projects/ShooterGame/Content/Sounds/Audio_Settings/SoundMix/Explosion.uasset" 80
"../../../../../../Users/Pavel/Documents/Unreal Projects/ShooterGame/Content/Sounds/Audio_Settings/Class/SC_Explosion.uasset" 81
"../../../../../../Users/Pavel/Documents/Unreal Projects/ShooterGame/Content/Sounds/Audio_Settings/Class/SC_SFX.uasset" 82
"../../../../../../Users/Pavel/Documents/Unreal Projects/ShooterGame/Content/Sounds/Audio_Settings/Class/SC_WEAPON.uasset" 83
"../../../../../../Users/Pavel/Documents/Unreal Projects/ShooterGame/Content/Sounds/Audio_Settings/Class/SC_WeaponShoot_3P.uasset" 84
"../../../../../../Users/Pavel/Documents/Unreal Projects/ShooterGame/Content/Sounds/Audio_Settings/Submixes/VibrationSubmix.uasset" 85
"../../../../../../Users/Pavel/Documents/Unreal Projects/ShooterGame/Content/Sounds/Audio_Settings/Attenuation/Wep_Shoot.uasset" 86
"../../../../../../Users/Pavel/Documents/Unreal Projects/ShooterGame/Content/Sounds/Weapons/AssultRifle/SCue_AR_Shoot_LP_Tail.uasset" 87
"../../../../../../Users/Pavel/Documents/Unreal Projects/ShooterGame/Content/Sounds/Weapons/AssultRifle/wav/sw_Wep_AR_Shoot_LP_01.uasset" 88
"../../../../../../Users/Pavel/Documents/Unreal Projects/ShooterGame/Content/Sounds/Weapons/AssultRifle/SCue_AR_Shoot_LP.uasset" 89
"../../../../../../Users/Pavel/Documents/Unreal Projects/ShooterGame/Content/Sounds/Audio_Settings/Attenuation/Foley.uasset" 90
"../../../../../../Users/Pavel/Documents/Unreal Projects/ShooterGame/Content/Sounds/Weapons/AssultRifle/SCue_AR_Dryfire.uasset" 91
"../../../../../../Users/Pavel/Documents/Unreal Projects/ShooterGame/Content/Effects/Textures/Energy/T_EFX_Beam_Electricity_02.uasset" 92
"../../../../../../Users/Pavel/Documents/Unreal Projects/ShooterGame/Content/Effects/Textures/Ramp/T_FX_CameraDistort.uasset" 93
"../../../../../../Users/Pavel/Documents/Unreal Projects/ShooterGame/Content/Effects/Materials/Weapon/M_WP_ShockRifle_Panning_Beam.uasset" 94
"../../../../../../Users/Pavel/Documents/Unreal Projects/ShooterGame/Content/Effects/Textures/Ramp/T_FX_ColorDistort.uasset" 95
"../../../../../../Users/Pavel/Documents/Unreal Projects/ShooterGame/Content/Effects/Textures/Water/T_Caustics_2.uasset" 96
"../../../../../../Users/Pavel/Documents/Unreal Projects/ShooterGame/Content/Effects/Materials/Weapon/M_WP_Linkgun_Connection.uasset" 97
"../../../../../../Users/Pavel/Documents/Unreal Projects/ShooterGame/Content/Effects/ParticleSystems/Weapons/AssaultRifle/Muzzle/P_AssaultRifle_Trail.uasset" 98
"../../../../../../Users/Pavel/Documents/Unreal Projects/ShooterGame/Content/Effects/Meshes/Weapon/SM_MuzzleCone.uasset" 99
"../../../../../../Users/Pavel/Documents/Unreal Projects/ShooterGame/Content/Effects/Textures/Weapon/T_muzzle_flashes.uasset" 100
"../../../../../../Users/Pavel/Documents/Unreal Projects/ShooterGame/Content/Effects/Materials/Weapon/M_muzzle_flash_subUV.uasset" 101
"../../../../../../Users/Pavel/Documents/Unreal Projects/ShooterGame/Content/Effects/Textures/Noise/T_TileNoise.uasset" 102
"../../../../../../Users/Pavel/Documents/Unreal Projects/ShooterGame/Content/Effects/Textures/Mask/T_SquareMaskTightEdge.uasset" 103
"../../../Engine/Content/Functions/Engine_MaterialFunctions01/Gradient/LinearGradient.uasset" 104
"../../../../../../Users/Pavel/Documents/Unreal Projects/ShooterGame/Content/Effects/Materials/Weapon/M_MuzzleGlow.uasset" 105
"../../../../../../Users/Pavel/Documents/Unreal Projects/ShooterGame/Content/Effects/Textures/Smoke/T_SmokeBall_01_8_8.uasset" 106
"../../../../../../Users/Pavel/Documents/Unreal Projects/ShooterGame/Content/Effects/Materials/Smoke/M_SmokeBall.uasset" 107
"../../../../../../Users/Pavel/Documents/Unreal Projects/ShooterGame/Content/Effects/Textures/Smoke/T_Clouds_01.uasset" 108
"../../../../../../Users/Pavel/Documents/Unreal Projects/ShooterGame/Content/Effects/Materials/Smoke/M_ImpactSmoke.uasset" 109
"../../../Engine/Content/Functions/Engine_MaterialFunctions01/Gradient/RadialGradient.uasset" 110
"../../../../../../Users/Pavel/Documents/Unreal Projects/ShooterGame/Content/Effects/Materials/Ramp/M_SoftGradient_Muzzle.uasset" 111
"../../../../../../Users/Pavel/Documents/Unreal Projects/ShooterGame/Content/Effects/Textures/LensFlare/T_Lensflare_01.uasset" 112
"../../../../../../Users/Pavel/Documents/Unreal Projects/ShooterGame/Content/Effects/Materials/LensFlare/M_Lensflare_01.uasset" 113
"../../../../../../Users/Pavel/Documents/Unreal Projects/ShooterGame/Content/Effects/ParticleSystems/Weapons/AssaultRifle/Muzzle/P_AssaultRifle_MF.uasset" 114
"../../../../../../Users/Pavel/Documents/Unreal Projects/ShooterGame/Content/Effects/ForceFeedback/FFE_Fire.uasset" 115
"../../../../../../Users/Pavel/Documents/Unreal Projects/ShooterGame/Content/Sounds/Audio_Settings/Attenuation/BulletImpacts.uasset" 116
"../../../../../../Users/Pavel/Documents/Unreal Projects/ShooterGame/Content/Sounds/Impacts/SCue_Impt_Bullet_Water.uasset" 117
"../../../../../../Users/Pavel/Documents/Unreal Projects/ShooterGame/Content/Sounds/Impacts/SCue_Impt_Bullet_Metal.uasset" 118
"../../../../../../Users/Pavel/Documents/Unreal Projects/ShooterGame/Content/Sounds/Impacts/SCue_Impt_Bullet_Flesh.uasset" 119
"../../../../../../Users/Pavel/Documents/Unreal Projects/ShooterGame/Content/Sounds/Impacts/SCue_Impt_Bullet_Default.uasset" 120
"../../../../../../Users/Pavel/Documents/Unreal Projects/ShooterGame/Content/Effects/Textures/Spark/T_SparkCore_2X2.uasset" 121
"../../../../../../Users/Pavel/Documents/Unreal Projects/ShooterGame/Content/Effects/Materials/spark/M_spark_subUV.uasset" 122
"../../../../../../Users/Pavel/Documents/Unreal Projects/ShooterGame/Content/Effects/Textures/Water/T_Steam_02_Packed.uasset" 123
"../../../../../../Users/Pavel/Documents/Unreal Projects/ShooterGame/Content/Effects/Materials/Smoke/M_MuzzleSmokeDetail_GPU.uasset" 124
"../../../../../../Users/Pavel/Documents/Unreal Projects/ShooterGame/Content/Effects/Materials/Ramp/M_radial_ramp_soft.uasset" 125
"../../../../../../Users/Pavel/Documents/Unreal Projects/ShooterGame/Content/Effects/Textures/LensFlare/Flare_02.uasset" 126
"../../../../../../Users/Pavel/Documents/Unreal Projects/ShooterGame/Content/Effects/Materials/LensFlare/M_LensFlare_02.uasset" 127
"../../../../../../Users/Pavel/Documents/Unreal Projects/ShooterGame/Content/Effects/ParticleSystems/Weapons/AssaultRifle/Impacts/P_AssaultRifle_IH.uasset" 128
"../../../../../../Users/Pavel/Documents/Unreal Projects/ShooterGame/Content/Effects/Textures/T_blood_various_N.uasset" 129
"../../../../../../Users/Pavel/Documents/Unreal Projects/ShooterGame/Content/Effects/Textures/T_blood_various.uasset" 130
"../../../../../../Users/Pavel/Documents/Unreal Projects/ShooterGame/Content/Effects/Materials/Gameplay/M_impact_splash_subUV.uasset" 131
"../../../../../../Users/Pavel/Documents/Unreal Projects/ShooterGame/Content/Effects/ParticleSystems/Gameplay/Player/P_body_bullet_impact.uasset" 132
"../../../../../../Users/Pavel/Documents/Unreal Projects/ShooterGame/Content/Effects/Textures/Weapon/T_bullet_hole_2.uasset" 133
"../../../../../../Users/Pavel/Documents/Unreal Projects/ShooterGame/Content/Effects/Textures/Water/distortion_01.uasset" 134
"../../../../../../Users/Pavel/Documents/Unreal Projects/ShooterGame/Content/Effects/Materials/Weapon/M_Impact_Decal.uasset" 135
"../../../../../../Users/Pavel/Documents/Unreal Projects/ShooterGame/Content/Blueprints/Weapons/WeapGun_Impacts.uasset" 136
"../../../../../../Users/Pavel/Documents/Unreal Projects/ShooterGame/Content/Blueprints/Weapons/WeapGun_FireCameraShake.uasset" 137
"../../../../../../Users/Pavel/Documents/Unreal Projects/ShooterGame/Content/Sounds/Weapons/AssultRifle/wav/sw_Wep_Reload_AR.uasset" 138
"../../../../../../Users/Pavel/Documents/Unreal Projects/ShooterGame/Content/Sounds/Weapons/AssultRifle/SCue_AR_Reload.uasset" 139
"../../../Engine/Content/Animation/DefaultAnimCurveCompressionSettings.uasset" 140
"../../../Engine/Content/Animation/DefaultAnimBoneCompressionSettings.uasset" 141
"../../../../../../Users/Pavel/Documents/Unreal Projects/ShooterGame/Content/Animations/TTP_Animations/Reload.uasset" 142
"../../../../../../Users/Pavel/Documents/Unreal Projects/ShooterGame/Content/Characters/HeroTPP/HeroTTP_RifleReload.uasset" 143
"../../../../../../Users/Pavel/Documents/Unreal Projects/ShooterGame/Content/Sounds/Foley/SCue_Foley_SwipeCloth.uasset" 144
"../../../../../../Users/Pavel/Documents/Unreal Projects/ShooterGame/Content/Animations/TTP_Animations/Equip.uasset" 145
"../../../../../../Users/Pavel/Documents/Unreal Projects/ShooterGame/Content/Characters/HeroTPP/HeroTPP_Equip.uasset" 146
"../../../../../../Users/Pavel/Documents/Unreal Projects/ShooterGame/Content/Animations/FPP_Animations/FPP_RifleFire.uasset" 147
"../../../../../../Users/Pavel/Documents/Unreal Projects/ShooterGame/Content/Animations/FPP_Animations/FPP_RifleAimFire.uasset" 148
"../../../../../../Users/Pavel/Documents/Unreal Projects/ShooterGame/Content/Animations/FPP_Animations/HerroFPP_RifleFire_Montage.uasset" 149
"../../../../../../Users/Pavel/Documents/Unreal Projects/ShooterGame/Content/Animations/FPP_Animations/FPP_RifleReload.uasset" 150
"../../../../../../Users/Pavel/Documents/Unreal Projects/ShooterGame/Content/Animations/FPP_Animations/HeroFPP_RifleReload_Montage.uasset" 151
"../../../../../../Users/Pavel/Documents/Unreal Projects/ShooterGame/Content/Sounds/Weapons/AssultRifle/SCue_AR_Equip.uasset" 152
"../../../../../../Users/Pavel/Documents/Unreal Projects/ShooterGame/Content/Animations/FPP_Animations/FPP_RifleEquip.uasset" 153
"../../../../../../Users/Pavel/Documents/Unreal Projects/ShooterGame/Content/Animations/FPP_Animations/HeroFPP_RifleEquip_Montage.uasset" 154
"../../../../../../Users/Pavel/Documents/Unreal Projects/ShooterGame/Content/UI/HUD/HUDMain.uasset" 155
"../../../../../../Users/Pavel/Documents/Unreal Projects/ShooterGame/Content/Effects/ForceFeedback/FFE_Killed.uasset" 156
"../../../../../../Users/Pavel/Documents/Unreal Projects/ShooterGame/Content/Effects/ForceFeedback/FFE_Damaged.uasset" 157
"../../../../../../Users/Pavel/Documents/Unreal Projects/ShooterGame/Content/DmgType_Instant.uasset" 158
"../../../../../../Users/Pavel/Documents/Unreal Projects/ShooterGame/Content/Blueprints/Weapons/WeapGun.uasset" 159
"../../../../../../Users/Pavel/Documents/Unreal Projects/ShooterGame/Content/Sounds/Foley/SCue_Foley_Bodyfall.uasset" 160
"../../../../../../Users/Pavel/Documents/Unreal Projects/ShooterGame/Content/Animations/TTP_Animations/Death.uasset" 161
"../../../../../../Users/Pavel/Documents/Unreal Projects/ShooterGame/Content/Characters/HeroTPP/HeroTPP_Death.uasset" 162
"../../../../../../Users/Pavel/Documents/Unreal Projects/ShooterGame/Content/Animations/TTP_Animations/Run_Rt.uasset" 163
"../../../../../../Users/Pavel/Documents/Unreal Projects/ShooterGame/Content/Animations/TTP_Animations/Run_Lt.uasset" 164
"../../../../../../Users/Pavel/Documents/Unreal Projects/ShooterGame/Content/Animations/TTP_Animations/Run_Fwd.uasset" 165
"../../../../../../Users/Pavel/Documents/Unreal Projects/ShooterGame/Content/Animations/TTP_Animations/Run_Bwd.uasset" 166
"../../../../../../Users/Pavel/Documents/Unreal Projects/ShooterGame/Content/Animations/TTP_Animations/Idle.uasset" 167
"../../../../../../Users/Pavel/Documents/Unreal Projects/ShooterGame/Content/Characters/HeroTPP/RunTPP.uasset" 168
"../../../../../../Users/Pavel/Documents/Unreal Projects/ShooterGame/Content/Animations/TTP_Animations/AimOffsetUp.uasset" 169
"../../../../../../Users/Pavel/Documents/Unreal Projects/ShooterGame/Content/Animations/TTP_Animations/AimOffsetRightUp.uasset" 170
"../../../../../../Users/Pavel/Documents/Unreal Projects/ShooterGame/Content/Animations/TTP_Animations/AimOffsetRightDown.uasset" 171
"../../../../../../Users/Pavel/Documents/Unreal Projects/ShooterGame/Content/Animations/TTP_Animations/AimOffsetRight.uasset" 172
"../../../../../../Users/Pavel/Documents/Unreal Projects/ShooterGame/Content/Animations/TTP_Animations/AimOffsetLeftUp.uasset" 173
"../../../../../../Users/Pavel/Documents/Unreal Projects/ShooterGame/Content/Animations/TTP_Animations/AimOffsetLeftDown.uasset" 174
"../../../../../../Users/Pavel/Documents/Unreal Projects/ShooterGame/Content/Animations/TTP_Animations/AimOffsetLeft.uasset" 175
"../../../../../../Users/Pavel/Documents/Unreal Projects/ShooterGame/Content/Animations/TTP_Animations/AimOffsetFwd.uasset" 176
"../../../../../../Users/Pavel/Documents/Unreal Projects/ShooterGame/Content/Animations/TTP_Animations/AimOffsetDown.uasset" 177
"../../../../../../Users/Pavel/Documents/Unreal Projects/ShooterGame/Content/Characters/HeroTPP/HeroTPP_AimOffsets.uasset" 178
"../../../../../../Users/Pavel/Documents/Unreal Projects/ShooterGame/Content/Sounds/Audio_Settings/Attenuation/Footsteps.uasset" 179
"../../../../../../Users/Pavel/Documents/Unreal Projects/ShooterGame/Content/Sounds/Footsteps/SCue_FS_Tile.uasset" 180
"../../../../../../Users/Pavel/Documents/Unreal Projects/ShooterGame/Content/Sounds/Footsteps/SCue_FS_Metal.uasset" 181
"../../../../../../Users/Pavel/Documents/Unreal Projects/ShooterGame/Content/Sounds/Footsteps/SCue_FS_Grass.uasset" 182
"../../../../../../Users/Pavel/Documents/Unreal Projects/ShooterGame/Content/Sounds/Foley/SCue_Foley_Jumpland_Tile.uasset" 183
"../../../../../../Users/Pavel/Documents/Unreal Projects/ShooterGame/Content/Sounds/Foley/SCue_Foley_Jumpland_Metal.uasset" 184
"../../../../../../Users/Pavel/Documents/Unreal Projects/ShooterGame/Content/Sounds/Foley/SCue_Foley_Jumpland_Grass.uasset" 185
"../../../../../../Users/Pavel/Documents/Unreal Projects/ShooterGame/Content/Environment/PhysicalMaterials/M_Tile.uasset" 186
"../../../../../../Users/Pavel/Documents/Unreal Projects/ShooterGame/Content/Environment/PhysicalMaterials/M_Grass.uasset" 187
"../../../../../../Users/Pavel/Documents/Unreal Projects/ShooterGame/Content/Environment/PhysicalMaterials/M_Glass.uasset" 188
"../../../../../../Users/Pavel/Documents/Unreal Projects/ShooterGame/Content/Environment/PhysicalMaterials/M_Concrete.uasset" 189
"../../../../../../Users/Pavel/Documents/Unreal Projects/ShooterGame/Content/Environment/PhysicalMaterials/M_Metal.uasset" 190
"../../../../../../Users/Pavel/Documents/Unreal Projects/ShooterGame/Content/SINGLE_GAME/SinglePlayerWeapGun.uasset" 191
"../../../Engine/Content/EditorBlueprintResources/StandardMacros.uasset" 192
"../../../../../../Users/Pavel/Documents/Unreal Projects/ShooterGame/Content/Sounds/Foley/SCue_Foley_Run.uasset" 193
"../../../../../../Users/Pavel/Documents/Unreal Projects/ShooterGame/Content/Animations/FPP_Animations/FPP_RifleRun.uasset" 194
"../../../../../../Users/Pavel/Documents/Unreal Projects/ShooterGame/Content/Animations/FPP_Animations/FPP_RifleRoadieRun.uasset" 195
"../../../../../../Users/Pavel/Documents/Unreal Projects/ShooterGame/Content/Sounds/Foley/SCue_Foley_Jump.uasset" 196
"../../../../../../Users/Pavel/Documents/Unreal Projects/ShooterGame/Content/Animations/FPP_Animations/FPP_RifleJumpStart.uasset" 197
"../../../../../../Users/Pavel/Documents/Unreal Projects/ShooterGame/Content/Animations/FPP_Animations/FPP_RifleJumpLoop.uasset" 198
"../../../../../../Users/Pavel/Documents/Unreal Projects/ShooterGame/Content/Animations/FPP_Animations/FPP_RifleJumpEnd.uasset" 199
"../../../../../../Users/Pavel/Documents/Unreal Projects/ShooterGame/Content/Animations/FPP_Animations/FPP_RifleIdle.uasset" 200
"../../../../../../Users/Pavel/Documents/Unreal Projects/ShooterGame/Content/Animations/FPP_Animations/FPP_RifleAim.uasset" 201
"../../../../../../Users/Pavel/Documents/Unreal Projects/ShooterGame/Content/Animations/FPP_Animations/FPP_LauncherRun.uasset" 202
"../../../../../../Users/Pavel/Documents/Unreal Projects/ShooterGame/Content/Animations/FPP_Animations/FPP_LauncherRoadieRun.uasset" 203
"../../../../../../Users/Pavel/Documents/Unreal Projects/ShooterGame/Content/Animations/FPP_Animations/FPP_LauncherJumpStart.uasset" 204
"../../../../../../Users/Pavel/Documents/Unreal Projects/ShooterGame/Content/Animations/FPP_Animations/FPP_LauncherJumpLoop.uasset" 205
"../../../../../../Users/Pavel/Documents/Unreal Projects/ShooterGame/Content/Animations/FPP_Animations/FPP_LauncherJumpEnd.uasset" 206
"../../../../../../Users/Pavel/Documents/Unreal Projects/ShooterGame/Content/Animations/FPP_Animations/FPP_LauncherIdle.uasset" 207
"../../../../../../Users/Pavel/Documents/Unreal Projects/ShooterGame/Content/Animations/FPP_Animations/FPP_LauncherAim.uasset" 208
"../../../../../../Users/Pavel/Documents/Unreal Projects/ShooterGame/Content/Characters/HeroFPP/HeroFPP_AnimationBlueprint.uasset" 209
"../../../../../../Users/Pavel/Documents/Unreal Projects/ShooterGame/Content/Blueprints/Pawns/BotShootEnemy.uasset" 210
"../../../../../../Users/Pavel/Documents/Unreal Projects/ShooterGame/Content/Blueprints/Pawns/BotSearchEnemyLOS.uasset" 211
"../../../../../../Users/Pavel/Documents/Unreal Projects/ShooterGame/Content/Blueprints/Pawns/BotBlackboard.uasset" 212
"../../../../../../Users/Pavel/Documents/Unreal Projects/ShooterGame/Content/Blueprints/TaskAlwaysTrue.uasset" 213
"../../../../../../Users/Pavel/Documents/Unreal Projects/ShooterGame/Content/Blueprints/Pawns/BotBehavior.uasset" 214
"../../../../../../Users/Pavel/Documents/Unreal Projects/ShooterGame/Content/SINGLE_GAME/SinglePlayerBot.uasset" 215
"../../../../../../Users/Pavel/Documents/Unreal Projects/ShooterGame/Content/SINGLE_GAME/AllEnemy.uasset" 216
"../../../../../../Users/Pavel/Documents/Unreal Projects/ShooterGame/Content/SINGLE_GAME/Test.uasset" 217
"../../../../../../Users/Pavel/Documents/Unreal Projects/ShooterGame/Content/SINGLE_GAME/NewBlueprint2.uasset" 218
"../../../../../../Users/Pavel/Documents/Unreal Projects/ShooterGame/Content/SINGLE_GAME/NewBlueprint.uasset" 219
"../../../../../../Users/Pavel/Documents/Unreal Projects/ShooterGame/Content/Widgets/w_InventoryItem.uasset" 220
"../../../../../../Users/Pavel/Documents/Unreal Projects/ShooterGame/Content/SINGLE_GAME/bg.uasset" 221
"../../../../../../Users/Pavel/Documents/Unreal Projects/ShooterGame/Content/Health_1.uasset" 222
"../../../../../../Users/Pavel/Documents/Unreal Projects/ShooterGame/Content/Widgets/HUD.uasset" 223
"../../../../../../Users/Pavel/Documents/Unreal Projects/ShooterGame/Content/Sounds/Stingers/wav/sw_Sting_Respawn.uasset" 224
"../../../../../../Users/Pavel/Documents/Unreal Projects/ShooterGame/Content/Sounds/Stingers/SCue_Respawn_Sting.uasset" 225
"../../../../../../Users/Pavel/Documents/Unreal Projects/ShooterGame/Content/Sounds/Stingers/wav/sw_Sting_PlayerDeath.uasset" 226
"../../../../../../Users/Pavel/Documents/Unreal Projects/ShooterGame/Content/Sounds/Stingers/SCue_PlayerDeath_Sting.uasset" 227
"../../../../../../Users/Pavel/Documents/Unreal Projects/ShooterGame/Content/Sounds/Foley/wav/sw_Foley_Aim_01.uasset" 228
"../../../../../../Users/Pavel/Documents/Unreal Projects/ShooterGame/Content/Sounds/Foley/SCue_Foley_Aim.uasset" 229
"../../../../../../Users/Pavel/Documents/Unreal Projects/ShooterGame/Content/SINGLE_GAME/ReloadLevel.uasset" 230
"../../../../../../Users/Pavel/Documents/Unreal Projects/ShooterGame/Content/Weapons/Launcher_Skeleton.uasset" 231
"../../../../../../Users/Pavel/Documents/Unreal Projects/ShooterGame/Content/Weapons/Textures/LauncherT2_shade.uasset" 232
"../../../../../../Users/Pavel/Documents/Unreal Projects/ShooterGame/Content/Weapons/Textures/LauncherT2_section.uasset" 233
"../../../../../../Users/Pavel/Documents/Unreal Projects/ShooterGame/Content/Weapons/Textures/Launcher_02_N.uasset" 234
"../../../../../../Users/Pavel/Documents/Unreal Projects/ShooterGame/Content/Weapons/Materials/Launcher_MatB.uasset" 235
"../../../../../../Users/Pavel/Documents/Unreal Projects/ShooterGame/Content/Weapons/Materials/Launcher_MatB_Inst.uasset" 236
"../../../../../../Users/Pavel/Documents/Unreal Projects/ShooterGame/Content/Weapons/Textures/LauncherT1_shade.uasset" 237
"../../../../../../Users/Pavel/Documents/Unreal Projects/ShooterGame/Content/Weapons/Textures/LauncherT1_section.uasset" 238
"../../../../../../Users/Pavel/Documents/Unreal Projects/ShooterGame/Content/Weapons/Textures/Launcher_01_N.uasset" 239
"../../../../../../Users/Pavel/Documents/Unreal Projects/ShooterGame/Content/Weapons/Materials/Launcher_MatA.uasset" 240
"../../../../../../Users/Pavel/Documents/Unreal Projects/ShooterGame/Content/Weapons/Materials/Launcher_MatA_Inst.uasset" 241
"../../../../../../Users/Pavel/Documents/Unreal Projects/ShooterGame/Content/Weapons/Launcher.uasset" 242
"../../../../../../Users/Pavel/Documents/Unreal Projects/ShooterGame/Content/Sounds/Weapons/GrenadeLauncher/SCue_Launcher_Shoot.uasset" 243
"../../../../../../Users/Pavel/Documents/Unreal Projects/ShooterGame/Content/Sounds/Weapons/GrenadeLauncher/SCue_Launcher_Dryfire.uasset" 244
"../../../../../../Users/Pavel/Documents/Unreal Projects/ShooterGame/Content/Effects/Textures/Weapon/T_Coil.uasset" 245
"../../../../../../Users/Pavel/Documents/Unreal Projects/ShooterGame/Content/Effects/Textures/Noise/T_FX_RoilingFlameModulate.uasset" 246
"../../../../../../Users/Pavel/Documents/Unreal Projects/ShooterGame/Content/Effects/Materials/Weapon/M_WP_LinkGun_MF_3_new.uasset" 247
"../../../../../../Users/Pavel/Documents/Unreal Projects/ShooterGame/Content/Effects/ParticleSystems/Weapons/RocketLauncher/Muzzle/P_Launcher_MF.uasset" 248
"../../../../../../Users/Pavel/Documents/Unreal Projects/ShooterGame/Content/Blueprints/Weapons/WeapLauncher_FireCameraShake.uasset" 249
"../../../../../../Users/Pavel/Documents/Unreal Projects/ShooterGame/Content/Animations/TTP_Animations/Launcher_Reload.uasset" 250
"../../../../../../Users/Pavel/Documents/Unreal Projects/ShooterGame/Content/Characters/HeroTPP/HeroTTP_LauncherReload.uasset" 251
"../../../../../../Users/Pavel/Documents/Unreal Projects/ShooterGame/Content/Sounds/Audio_Settings/Attenuation/Projectile.uasset" 252
"../../../../../../Users/Pavel/Documents/Unreal Projects/ShooterGame/Content/Sounds/Projectiles/SCue_Proj_Grenade_LP.uasset" 253
"../../../../../../Users/Pavel/Documents/Unreal Projects/ShooterGame/Content/Effects/Textures/Energy/T_EFX_Energy_Loop_Free.uasset" 254
"../../../../../../Users/Pavel/Documents/Unreal Projects/ShooterGame/Content/Effects/Materials/Energy/M_WP_ShockRifle_Ring.uasset" 255
"../../../../../../Users/Pavel/Documents/Unreal Projects/ShooterGame/Content/Effects/Textures/Energy/T_EFX_Energy_Arc_SubUV.uasset" 256
"../../../../../../Users/Pavel/Documents/Unreal Projects/ShooterGame/Content/Effects/Materials/Energy/M_Electrical.uasset" 257
"../../../../../../Users/Pavel/Documents/Unreal Projects/ShooterGame/Content/Effects/ParticleSystems/Weapons/RocketLauncher/Muzzle/P_Launcher_proj.uasset" 258
"../../../../../../Users/Pavel/Documents/Unreal Projects/ShooterGame/Content/Sounds/Audio_Settings/Attenuation/Explosion.uasset" 259
"../../../../../../Users/Pavel/Documents/Unreal Projects/ShooterGame/Content/Sounds/Impacts/SCue_Impt_Launcher.uasset" 260
"../../../../../../Users/Pavel/Documents/Unreal Projects/ShooterGame/Content/Effects/Textures/fire/T_explo_SubUV.uasset" 261
"../../../../../../Users/Pavel/Documents/Unreal Projects/ShooterGame/Content/Effects/Materials/Explosion/M_explosion_subUV.uasset" 262
"../../../../../../Users/Pavel/Documents/Unreal Projects/ShooterGame/Content/Effects/ParticleSystems/Weapons/RocketLauncher/Impact/P_Launcher_IH.uasset" 263
"../../../../../../Users/Pavel/Documents/Unreal Projects/ShooterGame/Content/Blueprints/Weapons/ProjRocket_Explosion.uasset" 264
"../../../../../../Users/Pavel/Documents/Unreal Projects/ShooterGame/Content/Blueprints/Weapons/ProjRocket.uasset" 265
"../../../../../../Users/Pavel/Documents/Unreal Projects/ShooterGame/Content/Sounds/Weapons/GrenadeLauncher/wav/sw_Wep_Reload_Launcher_Start.uasset" 266
"../../../../../../Users/Pavel/Documents/Unreal Projects/ShooterGame/Content/Sounds/Weapons/GrenadeLauncher/SCue_Launcher_Reload_Start.uasset" 267
"../../../../../../Users/Pavel/Documents/Unreal Projects/ShooterGame/Content/Sounds/Weapons/GrenadeLauncher/wav/sw_Wep_Reload_Launcher_End.uasset" 268
"../../../../../../Users/Pavel/Documents/Unreal Projects/ShooterGame/Content/Sounds/Weapons/GrenadeLauncher/SCue_Launcher_Reload_End.uasset" 269
"../../../../../../Users/Pavel/Documents/Unreal Projects/ShooterGame/Content/Animations/FPP_Animations/FPP_LanucherReload.uasset" 270
"../../../../../../Users/Pavel/Documents/Unreal Projects/ShooterGame/Content/Animations/FPP_Animations/HeroFPP_LauncherReload_Montage.uasset" 271
"../../../../../../Users/Pavel/Documents/Unreal Projects/ShooterGame/Content/Sounds/Weapons/GrenadeLauncher/SCue_Launcher_Equip.uasset" 272
"../../../../../../Users/Pavel/Documents/Unreal Projects/ShooterGame/Content/Animations/FPP_Animations/FPP_LauncherEquip.uasset" 273
"../../../../../../Users/Pavel/Documents/Unreal Projects/ShooterGame/Content/Animations/FPP_Animations/HeroFPP_LauncherEquip_Montage.uasset" 274
"../../../../../../Users/Pavel/Documents/Unreal Projects/ShooterGame/Content/Animations/FPP_Animations/FPP_LauncherFire.uasset" 275
"../../../../../../Users/Pavel/Documents/Unreal Projects/ShooterGame/Content/Animations/FPP_Animations/FPP_LauncherAimFire.uasset" 276
"../../../../../../Users/Pavel/Documents/Unreal Projects/ShooterGame/Content/Animations/FPP_Animations/HeroFPP_LauncherFire_Montage.uasset" 277
"../../../../../../Users/Pavel/Documents/Unreal Projects/ShooterGame/Content/DmgType_Explosion.uasset" 278
"../../../../../../Users/Pavel/Documents/Unreal Projects/ShooterGame/Content/Blueprints/Weapons/WeapLauncher.uasset" 279
"../../../../../../Users/Pavel/Documents/Unreal Projects/ShooterGame/Content/Blueprints/Pawns/PlayerPawn.uasset" 280
"../../../../../../Users/Pavel/Documents/Unreal Projects/ShooterGame/Content/Animations/TTP_Animations/RoadieRun_Fwd.uasset" 281
"../../../../../../Users/Pavel/Documents/Unreal Projects/ShooterGame/Content/Animations/TTP_Animations/JumpStart.uasset" 282
"../../../../../../Users/Pavel/Documents/Unreal Projects/ShooterGame/Content/Animations/TTP_Animations/JumpLoop.uasset" 283
"../../../../../../Users/Pavel/Documents/Unreal Projects/ShooterGame/Content/Animations/TTP_Animations/JumpEnd.uasset" 284
"../../../../../../Users/Pavel/Documents/Unreal Projects/ShooterGame/Content/Characters/HeroTPP/HeroTPP_AnimBlueprint.uasset" 285
"../../../../../../Users/Pavel/Documents/Unreal Projects/ShooterGame/Content/Blueprints/Pawns/BotPawn.uasset" 286
"../../../../../../Users/Pavel/Documents/Unreal Projects/ShooterGame/Content/Sounds/Audio_Settings/Concurrency/SCon_Default.uasset" 287
"../../../../../../Users/Pavel/Documents/Unreal Projects/ShooterGame/Content/Sounds/Audio_Settings/SoundMix/SMix_Default.uasset" 288
"../../../../../../Users/Pavel/Documents/Unreal Projects/ShooterGame/Content/Sounds/Foley/wav/sw_Foley_Bodyfall_01.uasset" 289
"../../../../../../Users/Pavel/Documents/Unreal Projects/ShooterGame/Content/Sounds/Foley/wav/sw_Foley_Bodyfall_02.uasset" 290
"../../../../../../Users/Pavel/Documents/Unreal Projects/ShooterGame/Content/Sounds/Foley/wav/sw_Foley_JumpLand_Grass_01.uasset" 291
"../../../../../../Users/Pavel/Documents/Unreal Projects/ShooterGame/Content/Sounds/Foley/wav/sw_Foley_JumpLand_Grass_02.uasset" 292
"../../../../../../Users/Pavel/Documents/Unreal Projects/ShooterGame/Content/Sounds/Foley/wav/sw_Foley_JumpLand_Grass_03.uasset" 293
"../../../../../../Users/Pavel/Documents/Unreal Projects/ShooterGame/Content/Sounds/Foley/wav/sw_Foley_JumpLand_Metal_01.uasset" 294
"../../../../../../Users/Pavel/Documents/Unreal Projects/ShooterGame/Content/Sounds/Foley/wav/sw_Foley_JumpLand_Metal_02.uasset" 295
"../../../../../../Users/Pavel/Documents/Unreal Projects/ShooterGame/Content/Sounds/Foley/wav/sw_Foley_JumpLand_Metal_03.uasset" 296
"../../../../../../Users/Pavel/Documents/Unreal Projects/ShooterGame/Content/Sounds/Foley/wav/sw_Foley_JumpLand_Tile_01.uasset" 297
"../../../../../../Users/Pavel/Documents/Unreal Projects/ShooterGame/Content/Sounds/Foley/wav/sw_Foley_JumpLand_Tile_02.uasset" 298
"../../../../../../Users/Pavel/Documents/Unreal Projects/ShooterGame/Content/Sounds/Foley/wav/sw_Foley_JumpLand_Tile_03.uasset" 299
"../../../../../../Users/Pavel/Documents/Unreal Projects/ShooterGame/Content/Sounds/Foley/wav/sw_Foley_Jump_01.uasset" 300
"../../../../../../Users/Pavel/Documents/Unreal Projects/ShooterGame/Content/Sounds/Foley/wav/sw_Foley_Jump_02.uasset" 301
"../../../../../../Users/Pavel/Documents/Unreal Projects/ShooterGame/Content/Sounds/Foley/wav/sw_Foley_Jump_03.uasset" 302
"../../../../../../Users/Pavel/Documents/Unreal Projects/ShooterGame/Content/Sounds/Foley/wav/sw_Foley_Run_01.uasset" 303
"../../../../../../Users/Pavel/Documents/Unreal Projects/ShooterGame/Content/Sounds/Foley/wav/sw_Foley_Run_02.uasset" 304
"../../../../../../Users/Pavel/Documents/Unreal Projects/ShooterGame/Content/Sounds/Foley/wav/sw_Foley_Run_03.uasset" 305
"../../../../../../Users/Pavel/Documents/Unreal Projects/ShooterGame/Content/Sounds/Foley/wav/sw_Foley_Run_04.uasset" 306
"../../../../../../Users/Pavel/Documents/Unreal Projects/ShooterGame/Content/Sounds/Foley/wav/sw_Foley_Run_05.uasset" 307
"../../../../../../Users/Pavel/Documents/Unreal Projects/ShooterGame/Content/Sounds/Foley/wav/sw_Foley_Run_06.uasset" 308
"../../../../../../Users/Pavel/Documents/Unreal Projects/ShooterGame/Content/Sounds/Foley/wav/sw_Foley_Run_07.uasset" 309
"../../../../../../Users/Pavel/Documents/Unreal Projects/ShooterGame/Content/Sounds/Foley/wav/sw_Foley_Run_08.uasset" 310
"../../../../../../Users/Pavel/Documents/Unreal Projects/ShooterGame/Content/Sounds/Foley/wav/sw_Foley_Run_09.uasset" 311
"../../../../../../Users/Pavel/Documents/Unreal Projects/ShooterGame/Content/Sounds/Foley/wav/sw_Foley_Run_10.uasset" 312
"../../../../../../Users/Pavel/Documents/Unreal Projects/ShooterGame/Content/Sounds/Footsteps/wav/sw_FS_Grass_01.uasset" 313
"../../../../../../Users/Pavel/Documents/Unreal Projects/ShooterGame/Content/Sounds/Footsteps/wav/sw_FS_Grass_02.uasset" 314
"../../../../../../Users/Pavel/Documents/Unreal Projects/ShooterGame/Content/Sounds/Footsteps/wav/sw_FS_Grass_03.uasset" 315
"../../../../../../Users/Pavel/Documents/Unreal Projects/ShooterGame/Content/Sounds/Footsteps/wav/sw_FS_Grass_04.uasset" 316
"../../../../../../Users/Pavel/Documents/Unreal Projects/ShooterGame/Content/Sounds/Footsteps/wav/sw_FS_Grass_05.uasset" 317
"../../../../../../Users/Pavel/Documents/Unreal Projects/ShooterGame/Content/Sounds/Footsteps/wav/sw_FS_Grass_06.uasset" 318
"../../../../../../Users/Pavel/Documents/Unreal Projects/ShooterGame/Content/Sounds/Footsteps/wav/sw_FS_Grass_07.uasset" 319
"../../../../../../Users/Pavel/Documents/Unreal Projects/ShooterGame/Content/Sounds/Footsteps/wav/sw_FS_Grass_08.uasset" 320
"../../../../../../Users/Pavel/Documents/Unreal Projects/ShooterGame/Content/Sounds/Footsteps/wav/sw_FS_Grass_09.uasset" 321
"../../../../../../Users/Pavel/Documents/Unreal Projects/ShooterGame/Content/Sounds/Footsteps/wav/sw_FS_Grass_10.uasset" 322
"../../../../../../Users/Pavel/Documents/Unreal Projects/ShooterGame/Content/Sounds/Footsteps/wav/sw_FS_Metal_01.uasset" 323
"../../../../../../Users/Pavel/Documents/Unreal Projects/ShooterGame/Content/Sounds/Footsteps/wav/sw_FS_Metal_02.uasset" 324
"../../../../../../Users/Pavel/Documents/Unreal Projects/ShooterGame/Content/Sounds/Footsteps/wav/sw_FS_Metal_03.uasset" 325
"../../../../../../Users/Pavel/Documents/Unreal Projects/ShooterGame/Content/Sounds/Footsteps/wav/sw_FS_Metal_04.uasset" 326
"../../../../../../Users/Pavel/Documents/Unreal Projects/ShooterGame/Content/Sounds/Footsteps/wav/sw_FS_Metal_05.uasset" 327
"../../../../../../Users/Pavel/Documents/Unreal Projects/ShooterGame/Content/Sounds/Footsteps/wav/sw_FS_Metal_06.uasset" 328
"../../../../../../Users/Pavel/Documents/Unreal Projects/ShooterGame/Content/Sounds/Footsteps/wav/sw_FS_Metal_07.uasset" 329
"../../../../../../Users/Pavel/Documents/Unreal Projects/ShooterGame/Content/Sounds/Footsteps/wav/sw_FS_Metal_08.uasset" 330
"../../../../../../Users/Pavel/Documents/Unreal Projects/ShooterGame/Content/Sounds/Footsteps/wav/sw_FS_Metal_09.uasset" 331
"../../../../../../Users/Pavel/Documents/Unreal Projects/ShooterGame/Content/Sounds/Footsteps/wav/sw_FS_Metal_10.uasset" 332
"../../../../../../Users/Pavel/Documents/Unreal Projects/ShooterGame/Content/Sounds/Footsteps/wav/sw_FS_Tile_01.uasset" 333
"../../../../../../Users/Pavel/Documents/Unreal Projects/ShooterGame/Content/Sounds/Footsteps/wav/sw_FS_Tile_02.uasset" 334
"../../../../../../Users/Pavel/Documents/Unreal Projects/ShooterGame/Content/Sounds/Footsteps/wav/sw_FS_Tile_03.uasset" 335
"../../../../../../Users/Pavel/Documents/Unreal Projects/ShooterGame/Content/Sounds/Footsteps/wav/sw_FS_Tile_04.uasset" 336
"../../../../../../Users/Pavel/Documents/Unreal Projects/ShooterGame/Content/Sounds/Footsteps/wav/sw_FS_Tile_05.uasset" 337
"../../../../../../Users/Pavel/Documents/Unreal Projects/ShooterGame/Content/Sounds/Footsteps/wav/sw_FS_Tile_06.uasset" 338
"../../../../../../Users/Pavel/Documents/Unreal Projects/ShooterGame/Content/Sounds/Footsteps/wav/sw_FS_Tile_07.uasset" 339
"../../../../../../Users/Pavel/Documents/Unreal Projects/ShooterGame/Content/Sounds/Footsteps/wav/sw_FS_Tile_08.uasset" 340
"../../../../../../Users/Pavel/Documents/Unreal Projects/ShooterGame/Content/Sounds/Footsteps/wav/sw_FS_Tile_09.uasset" 341
"../../../../../../Users/Pavel/Documents/Unreal Projects/ShooterGame/Content/Sounds/Footsteps/wav/sw_FS_Tile_10.uasset" 342
"../../../../../../Users/Pavel/Documents/Unreal Projects/ShooterGame/Content/Sounds/Impacts/wav/sw_Impt_AK_Default_01.uasset" 343
"../../../../../../Users/Pavel/Documents/Unreal Projects/ShooterGame/Content/Sounds/Impacts/wav/sw_Impt_AK_Default_02.uasset" 344
"../../../../../../Users/Pavel/Documents/Unreal Projects/ShooterGame/Content/Sounds/Impacts/wav/sw_Impt_AK_Default_03.uasset" 345
"../../../../../../Users/Pavel/Documents/Unreal Projects/ShooterGame/Content/Sounds/Impacts/wav/sw_Impt_AK_Default_04.uasset" 346
"../../../../../../Users/Pavel/Documents/Unreal Projects/ShooterGame/Content/Sounds/Impacts/wav/sw_Impt_AK_Default_05.uasset" 347
"../../../../../../Users/Pavel/Documents/Unreal Projects/ShooterGame/Content/Sounds/Impacts/wav/sw_Impt_AK_Default_06.uasset" 348
"../../../../../../Users/Pavel/Documents/Unreal Projects/ShooterGame/Content/Sounds/Impacts/wav/sw_Impt_AK_Default_07.uasset" 349
"../../../../../../Users/Pavel/Documents/Unreal Projects/ShooterGame/Content/Sounds/Impacts/wav/sw_Impt_AK_Default_08.uasset" 350
"../../../../../../Users/Pavel/Documents/Unreal Projects/ShooterGame/Content/Sounds/Impacts/wav/sw_Impt_AK_Default_09.uasset" 351
"../../../../../../Users/Pavel/Documents/Unreal Projects/ShooterGame/Content/Sounds/Impacts/wav/sw_Impt_AK_Default_10.uasset" 352
"../../../../../../Users/Pavel/Documents/Unreal Projects/ShooterGame/Content/Sounds/Impacts/wav/sw_Impt_AK_Default_11.uasset" 353
"../../../../../../Users/Pavel/Documents/Unreal Projects/ShooterGame/Content/Sounds/Impacts/wav/sw_Impt_AK_Default_12.uasset" 354
"../../../../../../Users/Pavel/Documents/Unreal Projects/ShooterGame/Content/Sounds/Impacts/wav/sw_Impt_AK_Default_13.uasset" 355
"../../../../../../Users/Pavel/Documents/Unreal Projects/ShooterGame/Content/Sounds/Impacts/wav/sw_Impt_AK_Default_14.uasset" 356
"../../../../../../Users/Pavel/Documents/Unreal Projects/ShooterGame/Content/Sounds/Impacts/wav/sw_Impt_AK_Default_15.uasset" 357
"../../../../../../Users/Pavel/Documents/Unreal Projects/ShooterGame/Content/Sounds/Impacts/wav/sw_Impt_AK_Default_16.uasset" 358
"../../../../../../Users/Pavel/Documents/Unreal Projects/ShooterGame/Content/Sounds/Impacts/wav/sw_Impt_AK_Flesh_01.uasset" 359
"../../../../../../Users/Pavel/Documents/Unreal Projects/ShooterGame/Content/Sounds/Impacts/wav/sw_Impt_AK_Flesh_02.uasset" 360
"../../../../../../Users/Pavel/Documents/Unreal Projects/ShooterGame/Content/Sounds/Impacts/wav/sw_Impt_AK_Flesh_03.uasset" 361
"../../../../../../Users/Pavel/Documents/Unreal Projects/ShooterGame/Content/Sounds/Impacts/wav/sw_Impt_AK_Flesh_04.uasset" 362
"../../../../../../Users/Pavel/Documents/Unreal Projects/ShooterGame/Content/Sounds/Impacts/wav/sw_Impt_AK_Flesh_05.uasset" 363
"../../../../../../Users/Pavel/Documents/Unreal Projects/ShooterGame/Content/Sounds/Impacts/wav/sw_Impt_AK_Flesh_06.uasset" 364
"../../../../../../Users/Pavel/Documents/Unreal Projects/ShooterGame/Content/Sounds/Impacts/wav/sw_Impt_AK_Flesh_07.uasset" 365
"../../../../../../Users/Pavel/Documents/Unreal Projects/ShooterGame/Content/Sounds/Impacts/wav/sw_Impt_AK_Flesh_08.uasset" 366
"../../../../../../Users/Pavel/Documents/Unreal Projects/ShooterGame/Content/Sounds/Impacts/wav/sw_Impt_AK_Flesh_09.uasset" 367
"../../../../../../Users/Pavel/Documents/Unreal Projects/ShooterGame/Content/Sounds/Impacts/wav/sw_Impt_AK_Flesh_10.uasset" 368
"../../../../../../Users/Pavel/Documents/Unreal Projects/ShooterGame/Content/Sounds/Impacts/wav/sw_Impt_AK_Mtl_01.uasset" 369
"../../../../../../Users/Pavel/Documents/Unreal Projects/ShooterGame/Content/Sounds/Impacts/wav/sw_Impt_AK_Mtl_02.uasset" 370
"../../../../../../Users/Pavel/Documents/Unreal Projects/ShooterGame/Content/Sounds/Impacts/wav/sw_Impt_AK_Mtl_03.uasset" 371
"../../../../../../Users/Pavel/Documents/Unreal Projects/ShooterGame/Content/Sounds/Impacts/wav/sw_Impt_AK_Mtl_04.uasset" 372
"../../../../../../Users/Pavel/Documents/Unreal Projects/ShooterGame/Content/Sounds/Impacts/wav/sw_Impt_AK_Mtl_05.uasset" 373
"../../../../../../Users/Pavel/Documents/Unreal Projects/ShooterGame/Content/Sounds/Impacts/wav/sw_Impt_AK_Mtl_06.uasset" 374
"../../../../../../Users/Pavel/Documents/Unreal Projects/ShooterGame/Content/Sounds/Impacts/wav/sw_Impt_AK_Mtl_07.uasset" 375
"../../../../../../Users/Pavel/Documents/Unreal Projects/ShooterGame/Content/Sounds/Impacts/wav/sw_Impt_AK_Mtl_08.uasset" 376
"../../../../../../Users/Pavel/Documents/Unreal Projects/ShooterGame/Content/Sounds/Impacts/wav/sw_Impt_AK_Mtl_09.uasset" 377
"../../../../../../Users/Pavel/Documents/Unreal Projects/ShooterGame/Content/Sounds/Impacts/wav/sw_Impt_AK_Mtl_10.uasset" 378
"../../../../../../Users/Pavel/Documents/Unreal Projects/ShooterGame/Content/Sounds/Impacts/wav/sw_Impt_AK_Mtl_11.uasset" 379
"../../../../../../Users/Pavel/Documents/Unreal Projects/ShooterGame/Content/Sounds/Impacts/wav/sw_Impt_AK_Mtl_12.uasset" 380
"../../../../../../Users/Pavel/Documents/Unreal Projects/ShooterGame/Content/Sounds/Impacts/wav/sw_Impt_AK_Mtl_13.uasset" 381
"../../../../../../Users/Pavel/Documents/Unreal Projects/ShooterGame/Content/Sounds/Impacts/wav/sw_Impt_AK_Mtl_14.uasset" 382
"../../../../../../Users/Pavel/Documents/Unreal Projects/ShooterGame/Content/Sounds/Impacts/wav/sw_Impt_AK_Mtl_15.uasset" 383
"../../../../../../Users/Pavel/Documents/Unreal Projects/ShooterGame/Content/Sounds/Impacts/wav/sw_Impt_AK_Mtl_16.uasset" 384
"../../../../../../Users/Pavel/Documents/Unreal Projects/ShooterGame/Content/Sounds/Impacts/wav/sw_Impt_AK_Water_01.uasset" 385
"../../../../../../Users/Pavel/Documents/Unreal Projects/ShooterGame/Content/Sounds/Impacts/wav/sw_Impt_AK_Water_02.uasset" 386
"../../../../../../Users/Pavel/Documents/Unreal Projects/ShooterGame/Content/Sounds/Impacts/wav/sw_Impt_AK_Water_03.uasset" 387
"../../../../../../Users/Pavel/Documents/Unreal Projects/ShooterGame/Content/Sounds/Impacts/wav/sw_Impt_AK_Water_04.uasset" 388
"../../../../../../Users/Pavel/Documents/Unreal Projects/ShooterGame/Content/Sounds/Impacts/wav/sw_Impt_AK_Water_05.uasset" 389
"../../../../../../Users/Pavel/Documents/Unreal Projects/ShooterGame/Content/Sounds/Impacts/wav/sw_Impt_AK_Water_06.uasset" 390
"../../../../../../Users/Pavel/Documents/Unreal Projects/ShooterGame/Content/Sounds/Impacts/wav/sw_Impt_AK_Water_07.uasset" 391
"../../../../../../Users/Pavel/Documents/Unreal Projects/ShooterGame/Content/Sounds/Impacts/wav/sw_Impt_AK_Water_08.uasset" 392
"../../../../../../Users/Pavel/Documents/Unreal Projects/ShooterGame/Content/Sounds/Impacts/wav/sw_Impt_AK_Water_09.uasset" 393
"../../../../../../Users/Pavel/Documents/Unreal Projects/ShooterGame/Content/Sounds/Impacts/wav/sw_Impt_AK_Water_10.uasset" 394
"../../../../../../Users/Pavel/Documents/Unreal Projects/ShooterGame/Content/Sounds/Impacts/wav/sw_Impt_Launcher_Close_01.uasset" 395
"../../../../../../Users/Pavel/Documents/Unreal Projects/ShooterGame/Content/Sounds/Impacts/wav/sw_Impt_Launcher_Close_02.uasset" 396
"../../../../../../Users/Pavel/Documents/Unreal Projects/ShooterGame/Content/Sounds/Impacts/wav/sw_Impt_Launcher_Close_03.uasset" 397
"../../../../../../Users/Pavel/Documents/Unreal Projects/ShooterGame/Content/Sounds/Impacts/wav/sw_Impt_Launcher_Close_04.uasset" 398
"../../../../../../Users/Pavel/Documents/Unreal Projects/ShooterGame/Content/Sounds/Impacts/wav/sw_Impt_Launcher_Close_05.uasset" 399
"../../../../../../Users/Pavel/Documents/Unreal Projects/ShooterGame/Content/Sounds/Impacts/wav/sw_Impt_Launcher_Dist_01.uasset" 400
"../../../../../../Users/Pavel/Documents/Unreal Projects/ShooterGame/Content/Sounds/Impacts/wav/sw_Impt_Launcher_Dist_02.uasset" 401
"../../../../../../Users/Pavel/Documents/Unreal Projects/ShooterGame/Content/Sounds/Impacts/wav/sw_Impt_Launcher_Dist_03.uasset" 402
"../../../../../../Users/Pavel/Documents/Unreal Projects/ShooterGame/Content/Sounds/Impacts/wav/sw_Impt_Launcher_Dist_04.uasset" 403
"../../../../../../Users/Pavel/Documents/Unreal Projects/ShooterGame/Content/Sounds/Impacts/wav/sw_Impt_Launcher_Dist_05.uasset" 404
"../../../../../../Users/Pavel/Documents/Unreal Projects/ShooterGame/Content/Sounds/Projectiles/wav/sw_Proj_Flight_LP_01.uasset" 405
"../../../../../../Users/Pavel/Documents/Unreal Projects/ShooterGame/Content/Sounds/Projectiles/wav/sw_Proj_Flight_LP_02.uasset" 406
"../../../../../../Users/Pavel/Documents/Unreal Projects/ShooterGame/Content/Sounds/Projectiles/wav/sw_Proj_Flight_LP_03.uasset" 407
"../../../../../../Users/Pavel/Documents/Unreal Projects/ShooterGame/Content/Sounds/Projectiles/wav/sw_Proj_Flight_LP_04.uasset" 408
"../../../../../../Users/Pavel/Documents/Unreal Projects/ShooterGame/Content/Sounds/Weapons/AssultRifle/wav/sw_Wep_AR_Equip_01.uasset" 409
"../../../../../../Users/Pavel/Documents/Unreal Projects/ShooterGame/Content/Sounds/Weapons/AssultRifle/wav/sw_Wep_AR_Equip_02.uasset" 410
"../../../../../../Users/Pavel/Documents/Unreal Projects/ShooterGame/Content/Sounds/Weapons/AssultRifle/wav/sw_Wep_AR_Equip_03.uasset" 411
"../../../../../../Users/Pavel/Documents/Unreal Projects/ShooterGame/Content/Sounds/Weapons/AssultRifle/wav/sw_Wep_AR_Shoot_3D_LP_01.uasset" 412
"../../../../../../Users/Pavel/Documents/Unreal Projects/ShooterGame/Content/Sounds/Weapons/AssultRifle/wav/sw_Wep_AR_Shoot_3D_LP_02.uasset" 413
"../../../../../../Users/Pavel/Documents/Unreal Projects/ShooterGame/Content/Sounds/Weapons/AssultRifle/wav/sw_Wep_AR_Shoot_3D_LP_Dist_01.uasset" 414
"../../../../../../Users/Pavel/Documents/Unreal Projects/ShooterGame/Content/Sounds/Weapons/AssultRifle/wav/sw_Wep_AR_Shoot_3D_LP_Dist_02.uasset" 415
"../../../../../../Users/Pavel/Documents/Unreal Projects/ShooterGame/Content/Sounds/Weapons/AssultRifle/wav/sw_Wep_AR_Shoot_3D_LP_Dist_End_01.uasset" 416
"../../../../../../Users/Pavel/Documents/Unreal Projects/ShooterGame/Content/Sounds/Weapons/AssultRifle/wav/sw_Wep_AR_Shoot_3D_LP_Dist_End_02.uasset" 417
"../../../../../../Users/Pavel/Documents/Unreal Projects/ShooterGame/Content/Sounds/Weapons/AssultRifle/wav/sw_Wep_AR_Shoot_3D_LP_End_01.uasset" 418
"../../../../../../Users/Pavel/Documents/Unreal Projects/ShooterGame/Content/Sounds/Weapons/AssultRifle/wav/sw_Wep_AR_Shoot_3D_LP_End_02.uasset" 419
"../../../../../../Users/Pavel/Documents/Unreal Projects/ShooterGame/Content/Sounds/Weapons/AssultRifle/wav/sw_Wep_AR_Shoot_LP_End_01.uasset" 420
"../../../../../../Users/Pavel/Documents/Unreal Projects/ShooterGame/Content/Sounds/Weapons/AssultRifle/wav/sw_Wep_AR_Shoot_LP_End_02.uasset" 421
"../../../../../../Users/Pavel/Documents/Unreal Projects/ShooterGame/Content/Sounds/Weapons/AssultRifle/wav/sw_Wep_AR_Shoot_LP_End_03.uasset" 422
"../../../../../../Users/Pavel/Documents/Unreal Projects/ShooterGame/Content/Sounds/Weapons/GrenadeLauncher/wav/sw_Wep_Launcher_Dryfire_01.uasset" 423
"../../../../../../Users/Pavel/Documents/Unreal Projects/ShooterGame/Content/Sounds/Weapons/GrenadeLauncher/wav/sw_Wep_Launcher_Dryfire_02.uasset" 424
"../../../../../../Users/Pavel/Documents/Unreal Projects/ShooterGame/Content/Sounds/Weapons/GrenadeLauncher/wav/sw_Wep_Launcher_Dryfire_03.uasset" 425
"../../../../../../Users/Pavel/Documents/Unreal Projects/ShooterGame/Content/Sounds/Weapons/GrenadeLauncher/wav/sw_Wep_Launcher_Shoot_01.uasset" 426
"../../../../../../Users/Pavel/Documents/Unreal Projects/ShooterGame/Content/Sounds/Weapons/GrenadeLauncher/wav/sw_Wep_Launcher_Shoot_02.uasset" 427
"../../../../../../Users/Pavel/Documents/Unreal Projects/ShooterGame/Content/Sounds/Weapons/GrenadeLauncher/wav/sw_Wep_Launcher_Shoot_03.uasset" 428
"../../../../../../Users/Pavel/Documents/Unreal Projects/ShooterGame/Content/Sounds/Weapons/GrenadeLauncher/wav/sw_Wep_Launcher_Shoot_04.uasset" 429
"../../../../../../Users/Pavel/Documents/Unreal Projects/ShooterGame/Content/Sounds/Weapons/GrenadeLauncher/wav/sw_Wep_Launcher_Shoot_3D_01.uasset" 430
"../../../../../../Users/Pavel/Documents/Unreal Projects/ShooterGame/Content/Sounds/Weapons/GrenadeLauncher/wav/sw_Wep_Launcher_Shoot_3D_02.uasset" 431
"../../../../../../Users/Pavel/Documents/Unreal Projects/ShooterGame/Content/Sounds/Weapons/GrenadeLauncher/wav/sw_Wep_Launcher_Shoot_3D_03.uasset" 432
"../../../../../../Users/Pavel/Documents/Unreal Projects/ShooterGame/Content/Sounds/Weapons/GrenadeLauncher/wav/sw_Wep_Launcher_Shoot_3D_04.uasset" 433
"../../../../../../Users/Pavel/Documents/Unreal Projects/ShooterGame/Content/Sounds/Weapons/GrenadeLauncher/wav/sw_Wep_Launcher_Shoot_3D_Dist_01.uasset" 434
"../../../../../../Users/Pavel/Documents/Unreal Projects/ShooterGame/Content/Sounds/Weapons/GrenadeLauncher/wav/sw_Wep_Launcher_Shoot_3D_Dist_02.uasset" 435
"../../../../../../Users/Pavel/Documents/Unreal Projects/ShooterGame/Content/Sounds/Weapons/GrenadeLauncher/wav/sw_Wep_Launcher_Shoot_3D_Dist_03.uasset" 436
"../../../../../../Users/Pavel/Documents/Unreal Projects/ShooterGame/Content/Sounds/Weapons/GrenadeLauncher/wav/sw_Wep_Launcher_Shoot_3D_Dist_04.uasset" 437
"../../../../../../Users/Pavel/Documents/Unreal Projects/ShooterGame/Content/UI/MenuPlane.uasset" 438
"../../../../../../Users/Pavel/Documents/Unreal Projects/ShooterGame/Content/UI/Chat/ChatLog_Icon_Star.uasset" 439
"../../../../../../Users/Pavel/Documents/Unreal Projects/ShooterGame/Content/UI/HUD/HitIndicator.uasset" 440
"../../../../../../Users/Pavel/Documents/Unreal Projects/ShooterGame/Content/UI/HUD/HUDAssets02.uasset" 441
"../../../../../../Users/Pavel/Documents/Unreal Projects/ShooterGame/Content/UI/HUD/LowHealthOverlay.uasset" 442
"../../../../../../Users/Pavel/Documents/Unreal Projects/ShooterGame/Content/UI/HUD/Roboto18.uasset" 443
"../../../../../../Users/Pavel/Documents/Unreal Projects/ShooterGame/Content/UI/HUD/Roboto51.uasset" 444
"../../../../../../Users/Pavel/Documents/Unreal Projects/ShooterGame/Content/UI/Menu/LoadingScreen.uasset" 445
"../../../../../../Users/Pavel/Documents/Unreal Projects/ShooterGame/Content/UI/Menu/LoadingScreen_Mat.uasset" 446
"../../../../../../Users/Pavel/Documents/Unreal Projects/ShooterGame/Content/UI/Menu/MenuItemBg.uasset" 447
"../../../../../../Users/Pavel/Documents/Unreal Projects/ShooterGame/Content/Sounds/UI/wav/sw_UI_Select.uasset" 448
"../../../../../../Users/Pavel/Documents/Unreal Projects/ShooterGame/Content/Sounds/UI/SCue_UI_Select.uasset" 449
"../../../../../../Users/Pavel/Documents/Unreal Projects/ShooterGame/Content/Sounds/UI/wav/sw_UI_Hover.uasset" 450
"../../../../../../Users/Pavel/Documents/Unreal Projects/ShooterGame/Content/Sounds/UI/SCue_UI_Hover.uasset" 451
"../../../../../../Users/Pavel/Documents/Unreal Projects/ShooterGame/Content/UI/Styles/DefaultShooterButtonStyle.uasset" 452
"../../../../../../Users/Pavel/Documents/Unreal Projects/ShooterGame/Content/UI/Chat/ChatBoxEntryBacking.uasset" 453
"../../../../../../Users/Pavel/Documents/Unreal Projects/ShooterGame/Content/UI/Chat/ChatBoxBacking.uasset" 454
"../../../../../../Users/Pavel/Documents/Unreal Projects/ShooterGame/Content/Sounds/UI/wav/sw_UI_Message_Tx.uasset" 455
"../../../../../../Users/Pavel/Documents/Unreal Projects/ShooterGame/Content/Sounds/UI/SCue_UI_Message_Tx.uasset" 456
"../../../../../../Users/Pavel/Documents/Unreal Projects/ShooterGame/Content/Sounds/UI/wav/sw_UI_Message_Rx.uasset" 457
"../../../../../../Users/Pavel/Documents/Unreal Projects/ShooterGame/Content/Sounds/UI/SCue_UI_Message_Rx.uasset" 458
"../../../../../../Users/Pavel/Documents/Unreal Projects/ShooterGame/Content/UI/Styles/DefaultShooterChatStyle.uasset" 459
"../../../../../../Users/Pavel/Documents/Unreal Projects/ShooterGame/Content/UI/Menu/MenuArrowRight.uasset" 460
"../../../../../../Users/Pavel/Documents/Unreal Projects/ShooterGame/Content/UI/Menu/MenuArrowLeft.uasset" 461
"../../../../../../Users/Pavel/Documents/Unreal Projects/ShooterGame/Content/UI/Styles/DefaultShooterMenuItemStyle.uasset" 462
"../../../../../../Users/Pavel/Documents/Unreal Projects/ShooterGame/Content/Sounds/UI/wav/sw_UI_GameStart.uasset" 463
"../../../../../../Users/Pavel/Documents/Unreal Projects/ShooterGame/Content/Sounds/UI/SCue_GameStart.uasset" 464
"../../../../../../Users/Pavel/Documents/Unreal Projects/ShooterGame/Content/Sounds/UI/wav/sw_UI_GameExit.uasset" 465
"../../../../../../Users/Pavel/Documents/Unreal Projects/ShooterGame/Content/Sounds/UI/SCue_GameExit.uasset" 466
"../../../../../../Users/Pavel/Documents/Unreal Projects/ShooterGame/Content/UI/Styles/DefaultShooterMenuSoundsStyle.uasset" 467
"../../../../../../Users/Pavel/Documents/Unreal Projects/ShooterGame/Content/UI/Menu/MenuHeaderBg.uasset" 468
"../../../../../../Users/Pavel/Documents/Unreal Projects/ShooterGame/Content/UI/Menu/MenuBgRight.uasset" 469
"../../../../../../Users/Pavel/Documents/Unreal Projects/ShooterGame/Content/UI/Menu/MenuBgLeft.uasset" 470
"../../../../../../Users/Pavel/Documents/Unreal Projects/ShooterGame/Content/Sounds/UI/wav/sw_UI_Toggle.uasset" 471
"../../../../../../Users/Pavel/Documents/Unreal Projects/ShooterGame/Content/Sounds/UI/SCue_UI_Toggle.uasset" 472
"../../../../../../Users/Pavel/Documents/Unreal Projects/ShooterGame/Content/Sounds/UI/wav/sw_UI_Open.uasset" 473
"../../../../../../Users/Pavel/Documents/Unreal Projects/ShooterGame/Content/Sounds/UI/SCue_UI_Open.uasset" 474
"../../../../../../Users/Pavel/Documents/Unreal Projects/ShooterGame/Content/Sounds/UI/wav/sw_UI_Back.uasset" 475
"../../../../../../Users/Pavel/Documents/Unreal Projects/ShooterGame/Content/Sounds/UI/SCue_UI_Back.uasset" 476
"../../../../../../Users/Pavel/Documents/Unreal Projects/ShooterGame/Content/UI/Styles/DefaultShooterMenuStyle.uasset" 477
"../../../../../../Users/Pavel/Documents/Unreal Projects/ShooterGame/Content/UI/Styles/DefaultShooterOptionsStyle.uasset" 478
"../../../../../../Users/Pavel/Documents/Unreal Projects/ShooterGame/Content/UI/Styles/DefaultShooterScoreboardStyle.uasset" 479
"../../../Engine/Content/Functions/Engine_MaterialFunctions01/Opacity/CameraDepthFade.uasset" 480
"../../../Engine/Content/EngineMaterials/T_Default_Material_Grid_N.uasset" 481
"../../../Engine/Content/EngineMaterials/T_Default_Material_Grid_M.uasset" 482
"../../../Engine/Content/EngineMaterials/WorldGridMaterial.uasset" 483
"../../../Engine/Content/ArtTools/RenderToTexture/Meshes/S_1_Unit_Plane.uasset" 484
"../../../Engine/Content/EngineMaterials/DefaultMaterial.uasset" 485
"../../../Engine/Content/BasicShapes/Cone.uasset" 486
"../../../Engine/Content/BasicShapes/Cube.uasset" 487
"../../../Engine/Content/BasicShapes/Plane.uasset" 488
"../../../Engine/Content/BasicShapes/Sphere.uasset" 489
"../../../Engine/Content/EditorLandscapeResources/DataLayer.uasset" 490
"../../../Engine/Content/EditorLandscapeResources/DefaultAlphaTexture.uasset" 491
"../../../Engine/Content/EditorMaterials/MAT_Groups_Toggle.uasset" 492
"../../../Engine/Content/EditorMaterials/MAT_Groups_Visibility.uasset" 493
"../../../Engine/Content/EditorMaterials/PreviewShadowIndicator.uasset" 494
"../../../Engine/Content/EditorMaterials/PreviewShadowIndicatorMaterial.uasset" 495
"../../../Engine/Content/EditorMaterials/MatineeGroups/MAT_ColorTrack.uasset" 496
"../../../Engine/Content/EditorMaterials/MatineeGroups/MAT_Groups_Anim.uasset" 497
"../../../Engine/Content/EditorMaterials/MatineeGroups/MAT_Groups_AudioMaster.uasset" 498
"../../../Engine/Content/EditorMaterials/MatineeGroups/MAT_Groups_Director.uasset" 499
"../../../Engine/Content/EditorMaterials/MatineeGroups/MAT_Groups_Event.uasset" 500
"../../../Engine/Content/EditorMaterials/MatineeGroups/MAT_Groups_Fade.uasset" 501
"../../../Engine/Content/EditorMaterials/MatineeGroups/MAT_Groups_Float.uasset" 502
"../../../Engine/Content/EditorMaterials/MatineeGroups/MAT_Groups_Move.uasset" 503
"../../../Engine/Content/EditorMaterials/MatineeGroups/MAT_Groups_Slomo.uasset" 504
"../../../Engine/Content/EditorMaterials/MatineeGroups/MAT_Groups_Sound.uasset" 505
"../../../Engine/Content/EditorMaterials/MatineeGroups/MAT_Groups_Vector.uasset" 506
"../../../Engine/Content/EditorMaterials/ParticleSystems/PSysThumbnail_NoImage.uasset" 507
"../../../Engine/Content/EditorMaterials/ParticleSystems/PSysThumbnail_OOD.uasset" 508
"../../../Engine/Content/EditorMaterials/Camera/CineMat.uasset" 509
"../../../Engine/Content/EditorMaterials/Camera/MI_CineMat_Rig.uasset" 510
"../../../Engine/Content/EditorMeshes/Camera/SM_CraneRig_Arm.uasset" 511
"../../../Engine/Content/EditorMeshes/Camera/SM_CraneRig_Base.uasset" 512
"../../../Engine/Content/EditorMeshes/Camera/SM_CraneRig_Body.uasset" 513
"../../../Engine/Content/EditorMeshes/Camera/SM_CraneRig_Mount.uasset" 514
"../../../Engine/Content/EditorMeshes/Camera/SM_RailRig_Mount.uasset" 515
"../../../Engine/Content/EditorMeshes/Camera/SM_RailRig_Track.uasset" 516
"../../../Engine/Content/EditorResources/BSPVertex.uasset" 517
"../../../Engine/Content/EditorResources/EmptyActor.uasset" 518
"../../../Engine/Content/EditorResources/S_Actor.uasset" 519
"../../../Engine/Content/EditorResources/S_Note.uasset" 520
"../../../Engine/Content/EditorResources/S_Solver.uasset" 521
"../../../Engine/Content/EditorResources/S_Terrain.uasset" 522
"../../../Engine/Content/EditorResources/S_Trigger.uasset" 523
"../../../Engine/Content/EditorResources/SequenceRecorder/Countdown.uasset" 524
"../../../Engine/Content/EditorResources/SequenceRecorder/RecordingIndicator.uasset" 525
"../../../Engine/Content/EngineDamageTypes/DmgTypeBP_Environmental.uasset" 526
"../../../Engine/Content/EngineDebugMaterials/DebugEditorMaterial.uasset" 527
"../../../Engine/Content/EngineDebugMaterials/DebugMeshMaterial.uasset" 528
"../../../Engine/Content/EngineDebugMaterials/M_SimpleUnlitTranslucent.uasset" 529
"../../../Engine/Content/Functions/Engine_MaterialFunctions02/Utility/CameraDirectionVector.uasset" 530
"../../../Engine/Content/EngineDebugMaterials/VolumeToRender.uasset" 531
"../../../Engine/Content/EngineDebugMaterials/M_VolumeRenderSphereTracePP.uasset" 532
"../../../Engine/Content/Functions/Engine_MaterialFunctions01/Shading/ConvertFromDiffSpec.uasset" 533
"../../../Engine/Content/EngineDebugMaterials/VertexColorMaterial.uasset" 534
"../../../Engine/Content/EngineDebugMaterials/WireframeMaterial.uasset" 535
"../../../Engine/Content/EngineFonts/Faces/RobotoRegular.uasset" 536
"../../../Engine/Content/EngineFonts/Faces/RobotoLight.uasset" 537
"../../../Engine/Content/EngineFonts/Faces/RobotoItalic.uasset" 538
"../../../Engine/Content/EngineFonts/Faces/RobotoBoldItalic.uasset" 539
"../../../Engine/Content/EngineFonts/Faces/RobotoBold.uasset" 540
"../../../Engine/Content/EngineFonts/Faces/DroidSansFallback.uasset" 541
"../../../Engine/Content/EngineFonts/Roboto.uasset" 542
"../../../Engine/Content/EngineMaterials/BaseFlattenNormalMap.uasset" 543
"../../../Engine/Content/EngineMaterials/BaseFlattenGrayscaleMap.uasset" 544
"../../../Engine/Content/EngineMaterials/BaseFlattenEmissiveMap.uasset" 545
"../../../Engine/Content/EngineMaterials/BaseFlattenDiffuseMap.uasset" 546
"../../../Engine/Content/EngineMaterials/BaseFlattenMaterial.uasset" 547
"../../../Engine/Content/EngineMaterials/BlueNoise.uasset" 548
"../../../Engine/Content/EngineMaterials/DefaultBloomKernel.uasset" 549
"../../../Engine/Content/EngineMaterials/DefaultBokeh.uasset" 550
"../../../Engine/Content/EngineMaterials/DefaultDiffuse.uasset" 551
"../../../Engine/Content/EngineMaterials/DefaultDeferredDecalMaterial.uasset" 552
"../../../Engine/Content/EngineMaterials/DefaultLightFunctionMaterial.uasset" 553
"../../../Engine/Content/Functions/Engine_MaterialFunctions02/Utility/BreakOutFloat2Components.uasset" 554
"../../../Engine/Content/EngineMaterials/DefaultPostProcessMaterial.uasset" 555
"../../../Engine/Content/EngineFonts/RobotoDistanceField.uasset" 556
"../../../Engine/Content/EngineMaterials/DefaultTextMaterialOpaque.uasset" 557
"../../../Engine/Content/EngineMaterials/DefaultWhiteGrid.uasset" 558
"../../../Engine/Content/EngineMaterials/DefaultWhiteGrid_Low.uasset" 559
"../../../Engine/Content/EngineMaterials/EmissiveMeshMaterial.uasset" 560
"../../../Engine/Content/EngineMaterials/GizmoMaterial.uasset" 561
"../../../Engine/Content/EngineMaterials/Good64x64TilingNoiseHighFreq.uasset" 562
"../../../Engine/Content/EngineMaterials/MiniFont.uasset" 563
"../../../Engine/Content/EngineMaterials/InvalidLightmapSettings.uasset" 564
"../../../Engine/Content/EngineMaterials/M_InvalidLightmapSettings.uasset" 565
"../../../Engine/Content/Functions/Engine_MaterialFunctions02/WorldPositionOffset/CameraOffset.uasset" 566
"../../../Engine/Content/EngineMaterials/PhAT_JointLimitMaterial.uasset" 567
"../../../Engine/Content/EngineMaterials/PreintegratedSkinBRDF.uasset" 568
"../../../Engine/Content/EngineMaterials/RemoveSurfaceMaterial.uasset" 569
"../../../Engine/Content/EngineMaterials/WeightMapPlaceholderTexture.uasset" 570
"../../../Engine/Content/EngineResources/WhiteSquareTexture.uasset" 571
"../../../Engine/Content/EngineMaterials/Widget3DPassThrough.uasset" 572
"../../../Engine/Content/EngineMaterials/Widget3DPassThrough_Masked.uasset" 573
"../../../Engine/Content/EngineMaterials/Widget3DPassThrough_Opaque.uasset" 574
"../../../Engine/Content/EngineMaterials/Widget3DPassThrough_Masked_OneSided.uasset" 575
"../../../Engine/Content/EngineMaterials/Widget3DPassThrough_Opaque_OneSided.uasset" 576
"../../../Engine/Content/EngineMaterials/Widget3DPassThrough_Translucent.uasset" 577
"../../../Engine/Content/EngineMaterials/Widget3DPassThrough_Translucent_OneSided.uasset" 578
"../../../Engine/Content/EngineMeshes/Cylinder.uasset" 579
"../../../Engine/Content/EngineMeshes/Sphere.uasset" 580
"../../../Engine/Content/EngineResources/Black.uasset" 581
"../../../Engine/Content/EngineResources/DefaultTextureCube.uasset" 582
"../../../Engine/Content/EngineResources/DefaultVolumeTexture2D.uasset" 583
"../../../Engine/Content/EngineResources/DefaultVolumeTexture.uasset" 584
"../../../Engine/Content/EngineResources/GradientTexture0.uasset" 585
"../../../Engine/Content/EngineSky/VolumetricClouds/T_NoiseShape64.uasset" 586
"../../../Engine/Content/EngineSky/VolumetricClouds/T_VolumeNoiseShape64.uasset" 587
"../../../Engine/Content/EngineSky/VolumetricClouds/T_NoiseErosion.uasset" 588
"../../../Engine/Content/EngineSky/VolumetricClouds/T_VolumeNoiseErosion32.uasset" 589
"../../../Engine/Content/EngineSky/VolumetricClouds/CloudWeatherTexture.uasset" 590
"../../../Engine/Content/EngineSky/VolumetricClouds/CloudGradientTexture.uasset" 591
"../../../Engine/Content/Functions/Engine_MaterialFunctions02/Utility/MakeFloat2.uasset" 592
"../../../Engine/Content/EngineSky/VolumetricClouds/m_SimpleVolumetricCloud.uasset" 593
"../../../Engine/Content/EngineSky/VolumetricClouds/m_SimpleVolumetricCloud_Inst.uasset" 594
"../../../Engine/Content/Functions/Engine_MaterialFunctions01/Shading/PowerToRoughness.uasset" 595
"../../../Engine/Content/Maps/Templates/Thumbnails/Default.uasset" 596
"../../../Engine/Content/Maps/Templates/Thumbnails/TimeOfDay.uasset" 597
"../../../Engine/Content/Maps/Templates/Thumbnails/VR-Basic.uasset" 598
"../../../Engine/Content/MobileResources/T_MobileControls_texture.uasset" 599
"../../../Engine/Content/MobileResources/T_MobileMenu2.uasset" 600
"../../../Engine/Content/MobileResources/HUD/AnalogHat.uasset" 601
"../../../Engine/Content/MobileResources/HUD/VirtualJoystick_Thumb.uasset" 602
"../../../Engine/Content/MobileResources/HUD/VirtualJoystick_Background.uasset" 603
"../../../Engine/Content/MobileResources/HUD/DefaultVirtualJoysticks.uasset" 604
"../../../Engine/Content/MobileResources/HUD/LeftVirtualJoystickOnly.uasset" 605
"../../../Engine/Content/MobileResources/HUD/MobileHUDButton1_off.uasset" 606
"../../../Engine/Content/MobileResources/HUD/MobileHUDButton1_on.uasset" 607
"../../../Engine/Content/MobileResources/HUD/MobileHUDButton2_off.uasset" 608
"../../../Engine/Content/MobileResources/HUD/MobileHUDButton2_on.uasset" 609
"../../../Engine/Content/MobileResources/HUD/MobileHUDButton3.uasset" 610
"../../../Engine/Content/MobileResources/HUD/MobileHUDButtonFire.uasset" 611
"../../../Engine/Content/MobileResources/HUD/MobileHUDDirectionPad.uasset" 612
"../../../Engine/Content/MobileResources/HUD/MobileHUDDirectionPad2.uasset" 613
"../../../Engine/Content/MobileResources/HUD/MobileHUDDirectionPad3.uasset" 614
"../../../Engine/Content/MobileResources/HUD/MobileHUDDirectionStick.uasset" 615
"../../../Engine/Content/MobileResources/HUD/T_Castle_ThumbstickInner.uasset" 616
"../../../Engine/Content/MobileResources/HUD/T_Castle_ThumbstickOutter.uasset" 617
"../../../Engine/Content/Tutorial/ContentIntroCurve.uasset" 618
"../../../Engine/Content/Tutorial/Basics/LevelEditorAttract.uasset" 619
"../../../Engine/Content/Tutorial/Basics/TutorialAssets/icon_tab_Levels_40x.uasset" 620
"../../../Engine/Content/Tutorial/Basics/LevelEditorOverview.uasset" 621
"../../../Engine/Content/VREditor/TransformGizmo/TranslucentTransformGizmoMaterial.uasset" 622
"../../../Engine/Content/VREditor/LaserPointer/VR_LaserPower_01.uasset" 623
"../../../Engine/Content/VREditor/TransformGizmo/TransformGizmoMaterial.uasset" 624
"../../../Engine/Content/VREditor/TransformGizmo/BoundingBoxCorner.uasset" 625
"../../../Engine/Content/VREditor/TransformGizmo/BoundingBoxEdge.uasset" 626
"../../../Engine/Content/VREditor/TransformGizmo/PlaneTranslationHandle.uasset" 627
"../../../Engine/Content/VREditor/TransformGizmo/Xray.uasset" 628
"../../../Engine/Content/VREditor/TransformGizmo/Main.uasset" 629
"../../../Engine/Content/VREditor/TransformGizmo/SM_Sequencer_Key.uasset" 630
"../../../Engine/Content/VREditor/TransformGizmo/SM_Sequencer_Node.uasset" 631
"../../Plugins/2D/Paper2D/Content/PlaceholderTextures/DummySpriteTexture.uasset" 632
"../../Plugins/2D/Paper2D/Content/DummySprite.uasset" 633
"../../Plugins/2D/Paper2D/Content/DefaultPaperTerrainMaterial.uasset" 634
"../../Plugins/2D/Paper2D/Content/DefaultSpriteMaterial.uasset" 635
"../../Plugins/2D/Paper2D/Content/MaskedUnlitSpriteMaterial.uasset" 636
"../../Plugins/2D/Paper2D/Content/OpaqueUnlitSpriteMaterial.uasset" 637
"../../../Engine/Content/Functions/Engine_MaterialFunctions02/Utility/BreakOutFloat3Components.uasset" 638
"../../../Engine/Content/Functions/Engine_MaterialFunctions02/ObjectLocalBounds.uasset" 639
"../../Plugins/Editor/SpeedTreeImporter/Content/SpeedTree9/UnpackInteger3.uasset" 640
"../../Plugins/Editor/SpeedTreeImporter/Content/SpeedTree9/UnpackDirection.uasset" 641
"../../Plugins/Editor/SpeedTreeImporter/Content/SpeedTree9/game_wind_noise.uasset" 642
"../../../Engine/Content/Functions/Engine_MaterialFunctions02/SafeNormalize.uasset" 643
"../../Plugins/Editor/SpeedTreeImporter/Content/SpeedTree9/SpeedTreeWindMotion.uasset" 644
"../../Plugins/Editor/SpeedTreeImporter/Content/SpeedTree9/SpeedTreeBranchMotion.uasset" 645
"../../../Engine/Content/Functions/Engine_MaterialFunctions02/UVs/BoundingBoxBased_0-1_UVW.uasset" 646
"../../Plugins/Editor/SpeedTreeImporter/Content/SpeedTree9/SpeedTreeWind.uasset" 647
"../../Plugins/Editor/SpeedTreeImporter/Content/SpeedTree9/SpeedTreeBillboard.uasset" 648
"../../../Engine/Content/EngineResources/DefaultTexture.uasset" 649
"../../Plugins/Editor/SpeedTreeImporter/Content/SpeedTree9/SpeedTreeBillboardMaster.uasset" 650
"../../Plugins/Editor/SpeedTreeImporter/Content/SpeedTree9/SpeedTreeCameraFacing.uasset" 651
"../../Plugins/Editor/SpeedTreeImporter/Content/SpeedTree9/SpeedTreeMaster.uasset" 652
"../../../Engine/Content/BasicShapes/Cylinder.uasset" 653
"../../../Engine/Content/ArtTools/RenderToTexture/Materials/Debug/M_Emissive_Color.uasset" 654
"../../Plugins/Lumin/MagicLeapPassableWorld/Content/MagicLeapARPinInfoActor.uasset" 655
"../../../Engine/Content/Functions/Engine_MaterialFunctions02/Utility/MakeFloat3.uasset" 656
"../../../Engine/Content/Functions/Engine_MaterialFunctions02/Utility/BreakOutFloat4Components.uasset" 657
"../../Plugins/Runtime/Oculus/OculusVR/Content/Materials/OculusMR_ChromaKey.uasset" 658
"../../Plugins/Runtime/Oculus/OculusVR/Content/Materials/OculusMR_OpaqueColoredMaterial.uasset" 659
"../../Plugins/Runtime/Oculus/OculusVR/Content/Materials/PokeAHoleMaterial.uasset" 660
"../../../../../../Users/Pavel/Documents/Unreal Projects/ShooterGame/Content/SINGLE_GAME/MainMenu.uasset" 661
"../../../../../../Users/Pavel/Documents/Unreal Projects/ShooterGame/Content/SINGLE_GAME/MenuGM.uasset" 662
"../../../../../../Users/Pavel/Documents/Unreal Projects/ShooterGame/Content/Maps/MainMenuLVL.umap" 663
"../../../Engine/Content/MapTemplates/T_ScreenDirt02_w.uasset" 664
"../../../Engine/Content/MapTemplates/Sky/DaylightAmbientCubemap.uasset" 665
"../../../Engine/Content/MapTemplates/Bokeh_5Sides.uasset" 666
"../../../../../../Users/Pavel/Documents/Unreal Projects/ShooterGame/Content/Maps/Untitled_BuiltData.uasset" 667
"../../../../../../Users/Pavel/Documents/Unreal Projects/ShooterGame/Content/SINGLE_GAME/Architecture/Wall_400x400.uasset" 668
"../../../../../../Users/Pavel/Documents/Unreal Projects/ShooterGame/Content/Environment/Textures/T_FFA_Wall_01_N.uasset" 669
"../../../../../../Users/Pavel/Documents/Unreal Projects/ShooterGame/Content/Environment/Textures/T_FFA_Wall_01_M.uasset" 670
"../../../../../../Users/Pavel/Documents/Unreal Projects/ShooterGame/Content/Environment/Textures/T_FFA_Wall_01_D.uasset" 671
"../../../../../../Users/Pavel/Documents/Unreal Projects/ShooterGame/Content/Environment/Textures/T_FFA_Detail_01_N.uasset" 672
"../../../../../../Users/Pavel/Documents/Unreal Projects/ShooterGame/Content/Environment/Materials/M_FFA_Wall_01.uasset" 673
"../../../../../../Users/Pavel/Documents/Unreal Projects/ShooterGame/Content/SINGLE_GAME/SingleWall.uasset" 674
"../../../../../../Users/Pavel/Documents/Unreal Projects/ShooterGame/Content/SINGLE_GAME/Architecture/Floor_400x400.uasset" 675
"../../../../../../Users/Pavel/Documents/Unreal Projects/ShooterGame/Content/Environment/Textures/T_FFA_Floor_02_N.uasset" 676
"../../../../../../Users/Pavel/Documents/Unreal Projects/ShooterGame/Content/Environment/Textures/T_FFA_Floor_02_M.uasset" 677
"../../../../../../Users/Pavel/Documents/Unreal Projects/ShooterGame/Content/Environment/Textures/T_FFA_Floor_02_D.uasset" 678
"../../../../../../Users/Pavel/Documents/Unreal Projects/ShooterGame/Content/Environment/Materials/M_FFA_Floor_02.uasset" 679
"../../../../../../Users/Pavel/Documents/Unreal Projects/ShooterGame/Content/SINGLE_GAME/SingleFloor.uasset" 680
"../../../../../../Users/Pavel/Documents/Unreal Projects/ShooterGame/Content/Sounds/Pickups/wav/sw_Pickup_Health.uasset" 681
"../../../../../../Users/Pavel/Documents/Unreal Projects/ShooterGame/Content/Sounds/Audio_Settings/Attenuation/Pickups.uasset" 682
"../../../../../../Users/Pavel/Documents/Unreal Projects/ShooterGame/Content/Sounds/Pickups/SCue_Pickup_Health.uasset" 683
"../../../../../../Users/Pavel/Documents/Unreal Projects/ShooterGame/Content/Effects/Meshes/General/S_Sphere.uasset" 684
"../../../../../../Users/Pavel/Documents/Unreal Projects/ShooterGame/Content/Effects/Meshes/Gameplay/Pickups/SM_Health.uasset" 685
"../../../../../../Users/Pavel/Documents/Unreal Projects/ShooterGame/Content/Effects/Materials/Gameplay/Pickups/M_PickUp_Master.uasset" 686
"../../../../../../Users/Pavel/Documents/Unreal Projects/ShooterGame/Content/Effects/ParticleSystems/Gameplay/Pick-ups/P_Health.uasset" 687
"../../../../../../Users/Pavel/Documents/Unreal Projects/ShooterGame/Content/Blueprints/Pickups/Pickup_Health.uasset" 688
"../../../../../../Users/Pavel/Documents/Unreal Projects/ShooterGame/Content/Sounds/Pickups/wav/sw_Pickup_Ammo.uasset" 689
"../../../../../../Users/Pavel/Documents/Unreal Projects/ShooterGame/Content/Sounds/Pickups/SCue_Pickup_Ammo.uasset" 690
"../../../../../../Users/Pavel/Documents/Unreal Projects/ShooterGame/Content/Effects/Meshes/Gameplay/Pickups/Ammo.uasset" 691
"../../../../../../Users/Pavel/Documents/Unreal Projects/ShooterGame/Content/Effects/ParticleSystems/Gameplay/Pick-ups/P_AssaultRifle_AMmo.uasset" 692
"../../../../../../Users/Pavel/Documents/Unreal Projects/ShooterGame/Content/Blueprints/Pickups/Pickup_AmmoGun.uasset" 693
"../../../../../../Users/Pavel/Documents/Unreal Projects/ShooterGame/Content/Maps/Untitled.umap" 694
